{"/home/travis/build/npmtest/node-npmtest-jsonparse/test.js":{"path":"/home/travis/build/npmtest/node-npmtest-jsonparse/test.js","s":{"1":2,"2":2,"3":2,"4":2,"5":2,"6":2,"7":2,"8":1,"9":2,"10":2,"11":1,"12":1,"13":1,"14":1,"15":2,"16":2,"17":2,"18":2,"19":1,"20":1,"21":2,"22":2,"23":2,"24":1,"25":1,"26":1,"27":1,"28":1,"29":1,"30":1,"31":1,"32":1,"33":1,"34":1,"35":1,"36":1,"37":1,"38":1,"39":2,"40":2,"41":1,"42":2,"43":2,"44":1,"45":2,"46":2,"47":1,"48":2,"49":2,"50":1,"51":1,"52":1,"53":1,"54":1},"b":{"1":[2,1,1,1],"2":[1,1,1,1],"3":[1,1],"4":[1,1],"5":[1,1],"6":[1,1],"7":[1,1],"8":[1,1],"9":[1,1],"10":[1,1,1],"11":[1,1],"12":[1,1],"13":[1,1],"14":[1,1],"15":[1,1],"16":[1,1],"17":[1,1]},"f":{"1":2,"2":2,"3":2,"4":2,"5":2,"6":1,"7":1,"8":1,"9":2,"10":2,"11":2,"12":2,"13":1},"fnMap":{"1":{"name":"(anonymous_1)","line":12,"loc":{"start":{"line":12,"column":1},"end":{"line":12,"column":13}}},"2":{"name":"(anonymous_2)","line":19,"loc":{"start":{"line":19,"column":5},"end":{"line":19,"column":17}}},"3":{"name":"(anonymous_3)","line":23,"loc":{"start":{"line":23,"column":24},"end":{"line":23,"column":36}}},"4":{"name":"(anonymous_4)","line":61,"loc":{"start":{"line":61,"column":5},"end":{"line":61,"column":17}}},"5":{"name":"(anonymous_5)","line":82,"loc":{"start":{"line":82,"column":5},"end":{"line":82,"column":17}}},"6":{"name":"(anonymous_6)","line":91,"loc":{"start":{"line":91,"column":77},"end":{"line":94,"column":10}}},"7":{"name":"(anonymous_7)","line":112,"loc":{"start":{"line":112,"column":83},"end":{"line":115,"column":10}},"skip":true},"8":{"name":"(anonymous_8)","line":123,"loc":{"start":{"line":123,"column":77},"end":{"line":126,"column":10}},"skip":true},"9":{"name":"(anonymous_9)","line":139,"loc":{"start":{"line":139,"column":12},"end":{"line":139,"column":40}},"skip":true},"10":{"name":"(anonymous_10)","line":147,"loc":{"start":{"line":147,"column":77},"end":{"line":150,"column":10}},"skip":true},"11":{"name":"(anonymous_11)","line":158,"loc":{"start":{"line":158,"column":83},"end":{"line":161,"column":10}},"skip":true},"12":{"name":"(anonymous_12)","line":169,"loc":{"start":{"line":169,"column":79},"end":{"line":172,"column":10}},"skip":true},"13":{"name":"(anonymous_13)","line":180,"loc":{"start":{"line":180,"column":75},"end":{"line":183,"column":10}},"skip":true}},"statementMap":{"1":{"start":{"line":12,"column":0},"end":{"line":195,"column":5}},"2":{"start":{"line":14,"column":4},"end":{"line":14,"column":14}},"3":{"start":{"line":19,"column":4},"end":{"line":56,"column":9}},"4":{"start":{"line":21,"column":8},"end":{"line":21,"column":19}},"5":{"start":{"line":23,"column":8},"end":{"line":35,"column":13}},"6":{"start":{"line":24,"column":12},"end":{"line":34,"column":13}},"7":{"start":{"line":25,"column":16},"end":{"line":28,"column":30}},"8":{"start":{"line":30,"column":16},"end":{"line":33,"column":27}},"9":{"start":{"line":37,"column":8},"end":{"line":39,"column":21}},"10":{"start":{"line":40,"column":8},"end":{"line":53,"column":9}},"11":{"start":{"line":43,"column":12},"end":{"line":46,"column":14}},"12":{"start":{"line":47,"column":12},"end":{"line":47,"column":18}},"13":{"start":{"line":50,"column":12},"end":{"line":51,"column":46}},"14":{"start":{"line":52,"column":12},"end":{"line":52,"column":18}},"15":{"start":{"line":55,"column":8},"end":{"line":55,"column":35}},"16":{"start":{"line":61,"column":4},"end":{"line":63,"column":9}},"17":{"start":{"line":62,"column":8},"end":{"line":62,"column":15}},"18":{"start":{"line":64,"column":4},"end":{"line":77,"column":5}},"19":{"start":{"line":70,"column":8},"end":{"line":70,"column":14}},"20":{"start":{"line":76,"column":8},"end":{"line":76,"column":14}},"21":{"start":{"line":82,"column":4},"end":{"line":84,"column":9}},"22":{"start":{"line":83,"column":8},"end":{"line":83,"column":15}},"23":{"start":{"line":85,"column":4},"end":{"line":194,"column":5}},"24":{"start":{"line":91,"column":8},"end":{"line":99,"column":10}},"25":{"start":{"line":98,"column":12},"end":{"line":98,"column":35}},"26":{"start":{"line":102,"column":8},"end":{"line":104,"column":63}},"27":{"start":{"line":105,"column":8},"end":{"line":105,"column":14}},"28":{"start":{"line":112,"column":8},"end":{"line":121,"column":10},"skip":true},"29":{"start":{"line":119,"column":12},"end":{"line":119,"column":55},"skip":true},"30":{"start":{"line":120,"column":12},"end":{"line":120,"column":48},"skip":true},"31":{"start":{"line":123,"column":8},"end":{"line":136,"column":10},"skip":true},"32":{"start":{"line":130,"column":12},"end":{"line":130,"column":76},"skip":true},"33":{"start":{"line":131,"column":12},"end":{"line":131,"column":73},"skip":true},"34":{"start":{"line":132,"column":12},"end":{"line":132,"column":74},"skip":true},"35":{"start":{"line":133,"column":12},"end":{"line":133,"column":79},"skip":true},"36":{"start":{"line":134,"column":12},"end":{"line":134,"column":25},"skip":true},"37":{"start":{"line":135,"column":12},"end":{"line":135,"column":45},"skip":true},"38":{"start":{"line":138,"column":8},"end":{"line":145,"column":14},"skip":true},"39":{"start":{"line":143,"column":16},"end":{"line":143,"column":29},"skip":true},"40":{"start":{"line":144,"column":16},"end":{"line":144,"column":55},"skip":true},"41":{"start":{"line":147,"column":8},"end":{"line":156,"column":10},"skip":true},"42":{"start":{"line":154,"column":12},"end":{"line":154,"column":25},"skip":true},"43":{"start":{"line":155,"column":12},"end":{"line":155,"column":45},"skip":true},"44":{"start":{"line":158,"column":8},"end":{"line":167,"column":10},"skip":true},"45":{"start":{"line":165,"column":12},"end":{"line":165,"column":25},"skip":true},"46":{"start":{"line":166,"column":12},"end":{"line":166,"column":48},"skip":true},"47":{"start":{"line":169,"column":8},"end":{"line":178,"column":10},"skip":true},"48":{"start":{"line":176,"column":12},"end":{"line":176,"column":25},"skip":true},"49":{"start":{"line":177,"column":12},"end":{"line":177,"column":46},"skip":true},"50":{"start":{"line":180,"column":8},"end":{"line":189,"column":10},"skip":true},"51":{"start":{"line":187,"column":12},"end":{"line":187,"column":94},"skip":true},"52":{"start":{"line":188,"column":12},"end":{"line":188,"column":48},"skip":true},"53":{"start":{"line":192,"column":8},"end":{"line":192,"column":35},"skip":true},"54":{"start":{"line":193,"column":8},"end":{"line":193,"column":14},"skip":true}},"branchMap":{"1":{"line":25,"type":"binary-expr","locations":[{"start":{"line":25,"column":23},"end":{"line":25,"column":62}},{"start":{"line":26,"column":20},"end":{"line":26,"column":70}},{"start":{"line":27,"column":20},"end":{"line":27,"column":71}},{"start":{"line":28,"column":20},"end":{"line":28,"column":29}}]},"2":{"line":30,"type":"binary-expr","locations":[{"start":{"line":30,"column":23},"end":{"line":30,"column":37}},{"start":{"line":31,"column":20},"end":{"line":31,"column":61}},{"start":{"line":32,"column":20},"end":{"line":32,"column":70}},{"start":{"line":33,"column":20},"end":{"line":33,"column":26}}]},"3":{"line":37,"type":"cond-expr","locations":[{"start":{"line":38,"column":14},"end":{"line":38,"column":20}},{"start":{"line":39,"column":14},"end":{"line":39,"column":20}}]},"4":{"line":40,"type":"switch","locations":[{"start":{"line":42,"column":8},"end":{"line":47,"column":18}},{"start":{"line":49,"column":8},"end":{"line":52,"column":18}}]},"5":{"line":44,"type":"binary-expr","locations":[{"start":{"line":44,"column":16},"end":{"line":44,"column":44}},{"start":{"line":44,"column":48},"end":{"line":44,"column":66}}]},"6":{"line":50,"type":"binary-expr","locations":[{"start":{"line":50,"column":21},"end":{"line":50,"column":49}},{"start":{"line":50,"column":53},"end":{"line":50,"column":72}}]},"7":{"line":64,"type":"switch","locations":[{"start":{"line":69,"column":4},"end":{"line":70,"column":14}},{"start":{"line":75,"column":4},"end":{"line":76,"column":14}}]},"8":{"line":85,"type":"switch","locations":[{"start":{"line":90,"column":4},"end":{"line":105,"column":14}},{"start":{"line":111,"column":4},"end":{"line":193,"column":14},"skip":true}]},"9":{"line":91,"type":"binary-expr","locations":[{"start":{"line":91,"column":42},"end":{"line":91,"column":73}},{"start":{"line":91,"column":77},"end":{"line":99,"column":9}}]},"10":{"line":102,"type":"binary-expr","locations":[{"start":{"line":102,"column":18},"end":{"line":102,"column":32}},{"start":{"line":103,"column":12},"end":{"line":103,"column":53}},{"start":{"line":104,"column":12},"end":{"line":104,"column":61}}]},"11":{"line":112,"type":"binary-expr","locations":[{"start":{"line":112,"column":45},"end":{"line":112,"column":79},"skip":true},{"start":{"line":112,"column":83},"end":{"line":121,"column":9},"skip":true}]},"12":{"line":123,"type":"binary-expr","locations":[{"start":{"line":123,"column":42},"end":{"line":123,"column":73},"skip":true},{"start":{"line":123,"column":77},"end":{"line":136,"column":9},"skip":true}]},"13":{"line":138,"type":"binary-expr","locations":[{"start":{"line":138,"column":48},"end":{"line":138,"column":85},"skip":true},{"start":{"line":139,"column":12},"end":{"line":145,"column":13},"skip":true}]},"14":{"line":147,"type":"binary-expr","locations":[{"start":{"line":147,"column":42},"end":{"line":147,"column":73},"skip":true},{"start":{"line":147,"column":77},"end":{"line":156,"column":9},"skip":true}]},"15":{"line":158,"type":"binary-expr","locations":[{"start":{"line":158,"column":45},"end":{"line":158,"column":79},"skip":true},{"start":{"line":158,"column":83},"end":{"line":167,"column":9},"skip":true}]},"16":{"line":169,"type":"binary-expr","locations":[{"start":{"line":169,"column":43},"end":{"line":169,"column":75},"skip":true},{"start":{"line":169,"column":79},"end":{"line":178,"column":9},"skip":true}]},"17":{"line":180,"type":"binary-expr","locations":[{"start":{"line":180,"column":41},"end":{"line":180,"column":71},"skip":true},{"start":{"line":180,"column":75},"end":{"line":189,"column":9},"skip":true}]}},"code":["/* istanbul instrument in package npmtest_jsonparse */","/*jslint","    bitwise: true,","    browser: true,","    maxerr: 8,","    maxlen: 96,","    node: true,","    nomen: true,","    regexp: true,","    stupid: true","*/","(function () {","    'use strict';","    var local;","","","","    // run shared js-env code - pre-init","    (function () {","        // init local","        local = {};","        // init modeJs","        local.modeJs = (function () {","            try {","                return typeof navigator.userAgent === 'string' &&","                    typeof document.querySelector('body') === 'object' &&","                    typeof XMLHttpRequest.prototype.open === 'function' &&","                    'browser';","            } catch (errorCaughtBrowser) {","                return module.exports &&","                    typeof process.versions.node === 'string' &&","                    typeof require('http').createServer === 'function' &&","                    'node';","            }","        }());","        // init global","        local.global = local.modeJs === 'browser'","            ? window","            : global;","        switch (local.modeJs) {","        // re-init local from window.local","        case 'browser':","            local = local.global.utility2.objectSetDefault(","                local.global.utility2_rollup || local.global.local,","                local.global.utility2","            );","            break;","        // re-init local from example.js","        case 'node':","            local = (local.global.utility2_rollup || require('utility2'))","                .requireExampleJsFromReadme();","            break;","        }","        // export local","        local.global.local = local;","    }());","","","","    // run shared js-env code - function","    (function () {","        return;","    }());","    switch (local.modeJs) {","","","","    // run browser js-env code - function","    case 'browser':","        break;","","","","    // run node js-env code - function","    case 'node':","        break;","    }","","","","    // run shared js-env code - post-init","    (function () {","        return;","    }());","    switch (local.modeJs) {","","","","    // run browser js-env code - post-init","    case 'browser':","        local.testCase_browser_nullCase = local.testCase_browser_nullCase || function (","            options,","            onError","        ) {","        /*","         * this function will test browsers's null-case handling-behavior-behavior","         */","            onError(null, options);","        };","","        // run tests","        local.nop(local.modeTest &&","            document.querySelector('#testRunButton1') &&","            document.querySelector('#testRunButton1').click());","        break;","","","","    // run node js-env code - post-init","    /* istanbul ignore next */","    case 'node':","        local.testCase_buildApidoc_default = local.testCase_buildApidoc_default || function (","            options,","            onError","        ) {","        /*","         * this function will test buildApidoc's default handling-behavior-behavior","         */","            options = { modulePathList: module.paths };","            local.buildApidoc(options, onError);","        };","","        local.testCase_buildApp_default = local.testCase_buildApp_default || function (","            options,","            onError","        ) {","        /*","         * this function will test buildApp's default handling-behavior-behavior","         */","            local.testCase_buildReadme_default(options, local.onErrorThrow);","            local.testCase_buildLib_default(options, local.onErrorThrow);","            local.testCase_buildTest_default(options, local.onErrorThrow);","            local.testCase_buildCustomOrg_default(options, local.onErrorThrow);","            options = [];","            local.buildApp(options, onError);","        };","","        local.testCase_buildCustomOrg_default = local.testCase_buildCustomOrg_default ||","            function (options, onError) {","            /*","             * this function will test buildCustomOrg's default handling-behavior","             */","                options = {};","                local.buildCustomOrg(options, onError);","            };","","        local.testCase_buildLib_default = local.testCase_buildLib_default || function (","            options,","            onError","        ) {","        /*","         * this function will test buildLib's default handling-behavior","         */","            options = {};","            local.buildLib(options, onError);","        };","","        local.testCase_buildReadme_default = local.testCase_buildReadme_default || function (","            options,","            onError","        ) {","        /*","         * this function will test buildReadme's default handling-behavior-behavior","         */","            options = {};","            local.buildReadme(options, onError);","        };","","        local.testCase_buildTest_default = local.testCase_buildTest_default || function (","            options,","            onError","        ) {","        /*","         * this function will test buildTest's default handling-behavior","         */","            options = {};","            local.buildTest(options, onError);","        };","","        local.testCase_webpage_default = local.testCase_webpage_default || function (","            options,","            onError","        ) {","        /*","         * this function will test webpage's default handling-behavior","         */","            options = { modeCoverageMerge: true, url: local.serverLocalHost + '?modeTest=1' };","            local.browserTest(options, onError);","        };","","        // run test-server","        local.testRunServer(local);","        break;","    }","}());",""],"l":{"12":2,"14":2,"19":2,"21":2,"23":2,"24":2,"25":2,"30":1,"37":2,"40":2,"43":1,"47":1,"50":1,"52":1,"55":2,"61":2,"62":2,"64":2,"70":1,"76":1,"82":2,"83":2,"85":2,"91":1,"98":1,"102":1,"105":1,"112":1,"119":1,"120":1,"123":1,"130":1,"131":1,"132":1,"133":1,"134":1,"135":1,"138":1,"143":2,"144":2,"147":1,"154":2,"155":2,"158":1,"165":2,"166":2,"169":1,"176":2,"177":2,"180":1,"187":1,"188":1,"192":1,"193":1}},"/home/travis/build/npmtest/node-npmtest-jsonparse/lib.npmtest_jsonparse.js":{"path":"/home/travis/build/npmtest/node-npmtest-jsonparse/lib.npmtest_jsonparse.js","s":{"1":2,"2":2,"3":2,"4":2,"5":2,"6":2,"7":2,"8":1,"9":2,"10":2,"11":2,"12":2,"13":1,"14":1,"15":1,"16":1},"b":{"1":[2,1,1,1],"2":[1,1,1,1],"3":[1,1],"4":[2,2],"5":[1,1]},"f":{"1":2,"2":2,"3":2},"fnMap":{"1":{"name":"(anonymous_1)","line":12,"loc":{"start":{"line":12,"column":1},"end":{"line":12,"column":13}}},"2":{"name":"(anonymous_2)","line":19,"loc":{"start":{"line":19,"column":5},"end":{"line":19,"column":17}}},"3":{"name":"(anonymous_3)","line":23,"loc":{"start":{"line":23,"column":24},"end":{"line":23,"column":36}}}},"statementMap":{"1":{"start":{"line":12,"column":0},"end":{"line":53,"column":5}},"2":{"start":{"line":14,"column":4},"end":{"line":14,"column":14}},"3":{"start":{"line":19,"column":4},"end":{"line":52,"column":9}},"4":{"start":{"line":21,"column":8},"end":{"line":21,"column":19}},"5":{"start":{"line":23,"column":8},"end":{"line":35,"column":13}},"6":{"start":{"line":24,"column":12},"end":{"line":34,"column":13}},"7":{"start":{"line":25,"column":16},"end":{"line":28,"column":30}},"8":{"start":{"line":30,"column":16},"end":{"line":33,"column":27}},"9":{"start":{"line":37,"column":8},"end":{"line":39,"column":21}},"10":{"start":{"line":41,"column":8},"end":{"line":41,"column":54}},"11":{"start":{"line":43,"column":8},"end":{"line":43,"column":54}},"12":{"start":{"line":45,"column":8},"end":{"line":51,"column":9}},"13":{"start":{"line":46,"column":12},"end":{"line":46,"column":60}},"14":{"start":{"line":48,"column":12},"end":{"line":48,"column":35}},"15":{"start":{"line":49,"column":12},"end":{"line":49,"column":49}},"16":{"start":{"line":50,"column":12},"end":{"line":50,"column":43}}},"branchMap":{"1":{"line":25,"type":"binary-expr","locations":[{"start":{"line":25,"column":23},"end":{"line":25,"column":62}},{"start":{"line":26,"column":20},"end":{"line":26,"column":70}},{"start":{"line":27,"column":20},"end":{"line":27,"column":71}},{"start":{"line":28,"column":20},"end":{"line":28,"column":29}}]},"2":{"line":30,"type":"binary-expr","locations":[{"start":{"line":30,"column":23},"end":{"line":30,"column":37}},{"start":{"line":31,"column":20},"end":{"line":31,"column":61}},{"start":{"line":32,"column":20},"end":{"line":32,"column":70}},{"start":{"line":33,"column":20},"end":{"line":33,"column":26}}]},"3":{"line":37,"type":"cond-expr","locations":[{"start":{"line":38,"column":14},"end":{"line":38,"column":20}},{"start":{"line":39,"column":14},"end":{"line":39,"column":20}}]},"4":{"line":41,"type":"binary-expr","locations":[{"start":{"line":41,"column":16},"end":{"line":41,"column":44}},{"start":{"line":41,"column":48},"end":{"line":41,"column":53}}]},"5":{"line":45,"type":"if","locations":[{"start":{"line":45,"column":8},"end":{"line":45,"column":8}},{"start":{"line":45,"column":8},"end":{"line":45,"column":8}}]}},"code":["/* istanbul instrument in package npmtest_jsonparse */","/*jslint","    bitwise: true,","    browser: true,","    maxerr: 8,","    maxlen: 96,","    node: true,","    nomen: true,","    regexp: true,","    stupid: true","*/","(function () {","    'use strict';","    var local;","","","","    // run shared js-env code - pre-init","    (function () {","        // init local","        local = {};","        // init modeJs","        local.modeJs = (function () {","            try {","                return typeof navigator.userAgent === 'string' &&","                    typeof document.querySelector('body') === 'object' &&","                    typeof XMLHttpRequest.prototype.open === 'function' &&","                    'browser';","            } catch (errorCaughtBrowser) {","                return module.exports &&","                    typeof process.versions.node === 'string' &&","                    typeof require('http').createServer === 'function' &&","                    'node';","            }","        }());","        // init global","        local.global = local.modeJs === 'browser'","            ? window","            : global;","        // init utility2_rollup","        local = local.global.utility2_rollup || local;","        // init lib","        local.local = local.npmtest_jsonparse = local;","        // init exports","        if (local.modeJs === 'browser') {","            local.global.utility2_npmtest_jsonparse = local;","        } else {","            module.exports = local;","            module.exports.__dirname = __dirname;","            module.exports.module = module;","        }","    }());","}());",""],"l":{"12":2,"14":2,"19":2,"21":2,"23":2,"24":2,"25":2,"30":1,"37":2,"41":2,"43":2,"45":2,"46":1,"48":1,"49":1,"50":1}},"/home/travis/build/npmtest/node-npmtest-jsonparse/example.js":{"path":"/home/travis/build/npmtest/node-npmtest-jsonparse/example.js","s":{"1":2,"2":2,"3":2,"4":2,"5":2,"6":2,"7":2,"8":1,"9":2,"10":2,"11":2,"12":2,"13":1,"14":2,"15":2,"16":2,"17":2,"18":2,"19":0,"20":2,"21":1,"22":1,"23":1,"24":1,"25":1,"26":0,"27":0,"28":1,"29":1,"30":2,"31":0,"32":0,"33":0,"34":1,"35":2,"36":2,"37":3,"38":3,"39":3,"40":3,"41":0,"42":3,"43":3,"44":3,"45":1,"46":3,"47":1,"48":1,"49":1,"50":1,"51":1,"52":1,"53":1,"54":1,"55":1,"56":1,"57":0,"58":1,"59":6,"60":6,"61":1,"62":2,"63":0,"64":2,"65":1,"66":1,"67":0,"68":0,"69":0,"70":0,"71":0,"72":0,"73":0,"74":0,"75":0,"76":0,"77":0,"78":0,"79":0,"80":0,"81":0,"82":0,"83":0},"b":{"1":[2,1,1,1],"2":[1,1,1,1],"3":[1,1],"4":[2,2],"5":[1,1],"6":[1,1],"7":[2,0],"8":[2,1,1,1,1,1],"9":[0,2,0],"10":[1,1],"11":[2,1,1],"12":[1,0],"13":[0,2],"14":[2,0,0,0,0,0,0],"15":[0,3],"16":[3,0],"17":[1,1],"18":[0,1],"19":[1,2,0,2],"20":[1,0],"21":[1,1],"22":[0,0],"23":[0,0],"24":[0,0],"25":[0,0],"26":[0,0],"27":[0,0],"28":[0,0]},"f":{"1":2,"2":2,"3":2,"4":2,"5":2,"6":2,"7":3,"8":3,"9":3,"10":1,"11":6,"12":0},"fnMap":{"1":{"name":"(anonymous_1)","line":26,"loc":{"start":{"line":26,"column":1},"end":{"line":26,"column":13}}},"2":{"name":"(anonymous_2)","line":33,"loc":{"start":{"line":33,"column":5},"end":{"line":33,"column":17}}},"3":{"name":"(anonymous_3)","line":37,"loc":{"start":{"line":37,"column":24},"end":{"line":37,"column":36}}},"4":{"name":"(anonymous_4)","line":69,"loc":{"start":{"line":69,"column":31},"end":{"line":69,"column":48}},"skip":true},"5":{"name":"(anonymous_5)","line":78,"loc":{"start":{"line":78,"column":26},"end":{"line":78,"column":45}},"skip":true},"6":{"name":"(anonymous_6)","line":123,"loc":{"start":{"line":123,"column":33},"end":{"line":123,"column":48}},"skip":true},"7":{"name":"(anonymous_7)","line":125,"loc":{"start":{"line":125,"column":27},"end":{"line":125,"column":39}},"skip":true},"8":{"name":"(anonymous_8)","line":133,"loc":{"start":{"line":133,"column":59},"end":{"line":133,"column":74}},"skip":true},"9":{"name":"(anonymous_9)","line":143,"loc":{"start":{"line":143,"column":45},"end":{"line":143,"column":62}},"skip":true},"10":{"name":"(anonymous_10)","line":144,"loc":{"start":{"line":144,"column":73},"end":{"line":144,"column":92}},"skip":true},"11":{"name":"(anonymous_11)","line":272,"loc":{"start":{"line":272,"column":51},"end":{"line":272,"column":77}},"skip":true},"12":{"name":"(anonymous_12)","line":315,"loc":{"start":{"line":315,"column":32},"end":{"line":315,"column":61}},"skip":true}},"statementMap":{"1":{"start":{"line":26,"column":0},"end":{"line":326,"column":5}},"2":{"start":{"line":28,"column":4},"end":{"line":28,"column":14}},"3":{"start":{"line":33,"column":4},"end":{"line":60,"column":9}},"4":{"start":{"line":35,"column":8},"end":{"line":35,"column":19}},"5":{"start":{"line":37,"column":8},"end":{"line":49,"column":13}},"6":{"start":{"line":38,"column":12},"end":{"line":48,"column":13}},"7":{"start":{"line":39,"column":16},"end":{"line":42,"column":30}},"8":{"start":{"line":44,"column":16},"end":{"line":47,"column":27}},"9":{"start":{"line":51,"column":8},"end":{"line":53,"column":21}},"10":{"start":{"line":55,"column":8},"end":{"line":57,"column":45}},"11":{"start":{"line":59,"column":8},"end":{"line":59,"column":35}},"12":{"start":{"line":61,"column":4},"end":{"line":325,"column":5}},"13":{"start":{"line":69,"column":8},"end":{"line":121,"column":10},"skip":true},"14":{"start":{"line":70,"column":12},"end":{"line":88,"column":13},"skip":true},"15":{"start":{"line":76,"column":16},"end":{"line":87,"column":19},"skip":true},"16":{"start":{"line":79,"column":20},"end":{"line":86,"column":21},"skip":true},"17":{"start":{"line":82,"column":24},"end":{"line":82,"column":43},"skip":true},"18":{"start":{"line":83,"column":24},"end":{"line":83,"column":30},"skip":true},"19":{"start":{"line":85,"column":24},"end":{"line":85,"column":49},"skip":true},"20":{"start":{"line":89,"column":12},"end":{"line":107,"column":13},"skip":true},"21":{"start":{"line":92,"column":16},"end":{"line":102,"column":17},"skip":true},"22":{"start":{"line":93,"column":20},"end":{"line":93,"column":86},"skip":true},"23":{"start":{"line":94,"column":20},"end":{"line":95,"column":45},"skip":true},"24":{"start":{"line":96,"column":20},"end":{"line":96,"column":42},"skip":true},"25":{"start":{"line":97,"column":20},"end":{"line":97,"column":48},"skip":true},"26":{"start":{"line":100,"column":20},"end":{"line":100,"column":85},"skip":true},"27":{"start":{"line":101,"column":20},"end":{"line":101,"column":96},"skip":true},"28":{"start":{"line":103,"column":16},"end":{"line":103,"column":22},"skip":true},"29":{"start":{"line":106,"column":16},"end":{"line":106,"column":22},"skip":true},"30":{"start":{"line":108,"column":12},"end":{"line":120,"column":13},"skip":true},"31":{"start":{"line":114,"column":16},"end":{"line":119,"column":17},"skip":true},"32":{"start":{"line":116,"column":20},"end":{"line":116,"column":78},"skip":true},"33":{"start":{"line":118,"column":20},"end":{"line":118,"column":47},"skip":true},"34":{"start":{"line":123,"column":8},"end":{"line":141,"column":11},"skip":true},"35":{"start":{"line":124,"column":12},"end":{"line":124,"column":54},"skip":true},"36":{"start":{"line":125,"column":12},"end":{"line":140,"column":14},"skip":true},"37":{"start":{"line":126,"column":16},"end":{"line":126,"column":28},"skip":true},"38":{"start":{"line":127,"column":16},"end":{"line":127,"column":69},"skip":true},"39":{"start":{"line":128,"column":16},"end":{"line":128,"column":75},"skip":true},"40":{"start":{"line":129,"column":16},"end":{"line":131,"column":17},"skip":true},"41":{"start":{"line":130,"column":20},"end":{"line":130,"column":27},"skip":true},"42":{"start":{"line":133,"column":16},"end":{"line":137,"column":36},"skip":true},"43":{"start":{"line":134,"column":20},"end":{"line":136,"column":55},"skip":true},"44":{"start":{"line":139,"column":16},"end":{"line":139,"column":57},"skip":true},"45":{"start":{"line":143,"column":8},"end":{"line":147,"column":11},"skip":true},"46":{"start":{"line":144,"column":12},"end":{"line":146,"column":15},"skip":true},"47":{"start":{"line":145,"column":16},"end":{"line":145,"column":70},"skip":true},"48":{"start":{"line":149,"column":8},"end":{"line":149,"column":31},"skip":true},"49":{"start":{"line":150,"column":8},"end":{"line":150,"column":14},"skip":true},"50":{"start":{"line":158,"column":8},"end":{"line":158,"column":31},"skip":true},"51":{"start":{"line":160,"column":8},"end":{"line":160,"column":33},"skip":true},"52":{"start":{"line":161,"column":8},"end":{"line":161,"column":37},"skip":true},"53":{"start":{"line":162,"column":8},"end":{"line":162,"column":35},"skip":true},"54":{"start":{"line":164,"column":8},"end":{"line":164,"column":50},"skip":true},"55":{"start":{"line":166,"column":8},"end":{"line":256,"column":2},"skip":true},"56":{"start":{"line":258,"column":8},"end":{"line":286,"column":9},"skip":true},"57":{"start":{"line":259,"column":12},"end":{"line":269,"column":14},"skip":true},"58":{"start":{"line":271,"column":12},"end":{"line":285,"column":19},"skip":true},"59":{"start":{"line":274,"column":20},"end":{"line":274,"column":35},"skip":true},"60":{"start":{"line":275,"column":20},"end":{"line":284,"column":21},"skip":true},"61":{"start":{"line":277,"column":24},"end":{"line":277,"column":64},"skip":true},"62":{"start":{"line":279,"column":24},"end":{"line":279,"column":40},"skip":true},"63":{"start":{"line":281,"column":24},"end":{"line":281,"column":40},"skip":true},"64":{"start":{"line":283,"column":24},"end":{"line":283,"column":39},"skip":true},"65":{"start":{"line":288,"column":8},"end":{"line":290,"column":9},"skip":true},"66":{"start":{"line":289,"column":12},"end":{"line":289,"column":18},"skip":true},"67":{"start":{"line":291,"column":8},"end":{"line":293,"column":54},"skip":true},"68":{"start":{"line":296,"column":8},"end":{"line":301,"column":37},"skip":true},"69":{"start":{"line":303,"column":8},"end":{"line":303,"column":82},"skip":true},"70":{"start":{"line":306,"column":8},"end":{"line":308,"column":9},"skip":true},"71":{"start":{"line":307,"column":12},"end":{"line":307,"column":82},"skip":true},"72":{"start":{"line":310,"column":8},"end":{"line":312,"column":9},"skip":true},"73":{"start":{"line":311,"column":12},"end":{"line":311,"column":18},"skip":true},"74":{"start":{"line":313,"column":8},"end":{"line":313,"column":54},"skip":true},"75":{"start":{"line":314,"column":8},"end":{"line":314,"column":69},"skip":true},"76":{"start":{"line":315,"column":8},"end":{"line":323,"column":36},"skip":true},"77":{"start":{"line":316,"column":12},"end":{"line":316,"column":61},"skip":true},"78":{"start":{"line":317,"column":12},"end":{"line":320,"column":13},"skip":true},"79":{"start":{"line":318,"column":16},"end":{"line":318,"column":75},"skip":true},"80":{"start":{"line":319,"column":16},"end":{"line":319,"column":23},"skip":true},"81":{"start":{"line":321,"column":12},"end":{"line":321,"column":38},"skip":true},"82":{"start":{"line":322,"column":12},"end":{"line":322,"column":27},"skip":true},"83":{"start":{"line":324,"column":8},"end":{"line":324,"column":14},"skip":true}},"branchMap":{"1":{"line":39,"type":"binary-expr","locations":[{"start":{"line":39,"column":23},"end":{"line":39,"column":62}},{"start":{"line":40,"column":20},"end":{"line":40,"column":70}},{"start":{"line":41,"column":20},"end":{"line":41,"column":71}},{"start":{"line":42,"column":20},"end":{"line":42,"column":29}}]},"2":{"line":44,"type":"binary-expr","locations":[{"start":{"line":44,"column":23},"end":{"line":44,"column":37}},{"start":{"line":45,"column":20},"end":{"line":45,"column":61}},{"start":{"line":46,"column":20},"end":{"line":46,"column":70}},{"start":{"line":47,"column":20},"end":{"line":47,"column":26}}]},"3":{"line":51,"type":"cond-expr","locations":[{"start":{"line":52,"column":14},"end":{"line":52,"column":20}},{"start":{"line":53,"column":14},"end":{"line":53,"column":20}}]},"4":{"line":55,"type":"binary-expr","locations":[{"start":{"line":55,"column":16},"end":{"line":55,"column":44}},{"start":{"line":55,"column":49},"end":{"line":57,"column":43}}]},"5":{"line":55,"type":"cond-expr","locations":[{"start":{"line":56,"column":14},"end":{"line":56,"column":53}},{"start":{"line":57,"column":14},"end":{"line":57,"column":43}}]},"6":{"line":61,"type":"switch","locations":[{"start":{"line":68,"column":4},"end":{"line":150,"column":14},"skip":true},{"start":{"line":156,"column":4},"end":{"line":324,"column":14},"skip":true}]},"7":{"line":70,"type":"if","locations":[{"start":{"line":70,"column":12},"end":{"line":70,"column":12},"skip":true},{"start":{"line":70,"column":12},"end":{"line":70,"column":12},"skip":true}]},"8":{"line":70,"type":"binary-expr","locations":[{"start":{"line":70,"column":16},"end":{"line":70,"column":22},"skip":true},{"start":{"line":70,"column":27},"end":{"line":70,"column":32},"skip":true},{"start":{"line":71,"column":20},"end":{"line":71,"column":39},"skip":true},{"start":{"line":72,"column":20},"end":{"line":72,"column":49},"skip":true},{"start":{"line":73,"column":20},"end":{"line":73,"column":58},"skip":true},{"start":{"line":74,"column":20},"end":{"line":74,"column":69},"skip":true}]},"9":{"line":79,"type":"switch","locations":[{"start":{"line":80,"column":20},"end":{"line":80,"column":33},"skip":true},{"start":{"line":81,"column":20},"end":{"line":83,"column":30},"skip":true},{"start":{"line":84,"column":20},"end":{"line":85,"column":49},"skip":true}]},"10":{"line":89,"type":"switch","locations":[{"start":{"line":90,"column":12},"end":{"line":103,"column":22},"skip":true},{"start":{"line":105,"column":12},"end":{"line":106,"column":22},"skip":true}]},"11":{"line":89,"type":"binary-expr","locations":[{"start":{"line":89,"column":20},"end":{"line":89,"column":25},"skip":true},{"start":{"line":89,"column":29},"end":{"line":89,"column":48},"skip":true},{"start":{"line":89,"column":52},"end":{"line":89,"column":74},"skip":true}]},"12":{"line":92,"type":"if","locations":[{"start":{"line":92,"column":16},"end":{"line":92,"column":16},"skip":true},{"start":{"line":92,"column":16},"end":{"line":92,"column":16},"skip":true}]},"13":{"line":108,"type":"if","locations":[{"start":{"line":108,"column":12},"end":{"line":108,"column":12},"skip":true},{"start":{"line":108,"column":12},"end":{"line":108,"column":12},"skip":true}]},"14":{"line":108,"type":"binary-expr","locations":[{"start":{"line":108,"column":16},"end":{"line":108,"column":61},"skip":true},{"start":{"line":108,"column":66},"end":{"line":108,"column":72},"skip":true},{"start":{"line":108,"column":77},"end":{"line":108,"column":82},"skip":true},{"start":{"line":109,"column":20},"end":{"line":109,"column":39},"skip":true},{"start":{"line":110,"column":20},"end":{"line":110,"column":49},"skip":true},{"start":{"line":111,"column":20},"end":{"line":111,"column":58},"skip":true},{"start":{"line":112,"column":20},"end":{"line":112,"column":68},"skip":true}]},"15":{"line":129,"type":"if","locations":[{"start":{"line":129,"column":16},"end":{"line":129,"column":16},"skip":true},{"start":{"line":129,"column":16},"end":{"line":129,"column":16},"skip":true}]},"16":{"line":134,"type":"cond-expr","locations":[{"start":{"line":135,"column":26},"end":{"line":135,"column":29},"skip":true},{"start":{"line":136,"column":26},"end":{"line":136,"column":54},"skip":true}]},"17":{"line":164,"type":"binary-expr","locations":[{"start":{"line":164,"column":27},"end":{"line":164,"column":43},"skip":true},{"start":{"line":164,"column":47},"end":{"line":164,"column":49},"skip":true}]},"18":{"line":258,"type":"if","locations":[{"start":{"line":258,"column":8},"end":{"line":258,"column":8},"skip":true},{"start":{"line":258,"column":8},"end":{"line":258,"column":8},"skip":true}]},"19":{"line":275,"type":"switch","locations":[{"start":{"line":276,"column":20},"end":{"line":277,"column":64},"skip":true},{"start":{"line":278,"column":20},"end":{"line":279,"column":40},"skip":true},{"start":{"line":280,"column":20},"end":{"line":281,"column":40},"skip":true},{"start":{"line":282,"column":20},"end":{"line":283,"column":39},"skip":true}]},"20":{"line":288,"type":"if","locations":[{"start":{"line":288,"column":8},"end":{"line":288,"column":8},"skip":true},{"start":{"line":288,"column":8},"end":{"line":288,"column":8},"skip":true}]},"21":{"line":288,"type":"binary-expr","locations":[{"start":{"line":288,"column":12},"end":{"line":288,"column":40},"skip":true},{"start":{"line":288,"column":44},"end":{"line":288,"column":67},"skip":true}]},"22":{"line":292,"type":"binary-expr","locations":[{"start":{"line":292,"column":12},"end":{"line":292,"column":50},"skip":true},{"start":{"line":293,"column":12},"end":{"line":293,"column":53},"skip":true}]},"23":{"line":297,"type":"binary-expr","locations":[{"start":{"line":297,"column":12},"end":{"line":297,"column":67},"skip":true},{"start":{"line":298,"column":12},"end":{"line":301,"column":36},"skip":true}]},"24":{"line":303,"type":"binary-expr","locations":[{"start":{"line":303,"column":43},"end":{"line":303,"column":75},"skip":true},{"start":{"line":303,"column":79},"end":{"line":303,"column":81},"skip":true}]},"25":{"line":306,"type":"if","locations":[{"start":{"line":306,"column":8},"end":{"line":306,"column":8},"skip":true},{"start":{"line":306,"column":8},"end":{"line":306,"column":8},"skip":true}]},"26":{"line":310,"type":"if","locations":[{"start":{"line":310,"column":8},"end":{"line":310,"column":8},"skip":true},{"start":{"line":310,"column":8},"end":{"line":310,"column":8},"skip":true}]},"27":{"line":313,"type":"binary-expr","locations":[{"start":{"line":313,"column":27},"end":{"line":313,"column":43},"skip":true},{"start":{"line":313,"column":47},"end":{"line":313,"column":53},"skip":true}]},"28":{"line":317,"type":"if","locations":[{"start":{"line":317,"column":12},"end":{"line":317,"column":12},"skip":true},{"start":{"line":317,"column":12},"end":{"line":317,"column":12},"skip":true}]}},"code":["/*","example.js","","quickstart example","","instruction","    1. save this script as example.js","    2. run the shell command:","        $ npm install npmtest-jsonparse && PORT=8081 node example.js","    3. play with the browser-demo on http://127.0.0.1:8081","*/","","","","/* istanbul instrument in package npmtest_jsonparse */","/*jslint","    bitwise: true,","    browser: true,","    maxerr: 8,","    maxlen: 96,","    node: true,","    nomen: true,","    regexp: true,","    stupid: true","*/","(function () {","    'use strict';","    var local;","","","","    // run shared js-env code - pre-init","    (function () {","        // init local","        local = {};","        // init modeJs","        local.modeJs = (function () {","            try {","                return typeof navigator.userAgent === 'string' &&","                    typeof document.querySelector('body') === 'object' &&","                    typeof XMLHttpRequest.prototype.open === 'function' &&","                    'browser';","            } catch (errorCaughtBrowser) {","                return module.exports &&","                    typeof process.versions.node === 'string' &&","                    typeof require('http').createServer === 'function' &&","                    'node';","            }","        }());","        // init global","        local.global = local.modeJs === 'browser'","            ? window","            : global;","        // init utility2_rollup","        local = local.global.utility2_rollup || (local.modeJs === 'browser'","            ? local.global.utility2_npmtest_jsonparse","            : global.utility2_moduleExports);","        // export local","        local.global.local = local;","    }());","    switch (local.modeJs) {","","","","    // post-init","    // run browser js-env code - post-init","    /* istanbul ignore next */","    case 'browser':","        local.testRunBrowser = function (event) {","            if (!event || (event &&","                    event.currentTarget &&","                    event.currentTarget.className &&","                    event.currentTarget.className.includes &&","                    event.currentTarget.className.includes('onreset'))) {","                // reset output","                Array.from(","                    document.querySelectorAll('body > .resettable')","                ).forEach(function (element) {","                    switch (element.tagName) {","                    case 'INPUT':","                    case 'TEXTAREA':","                        element.value = '';","                        break;","                    default:","                        element.textContent = '';","                    }","                });","            }","            switch (event && event.currentTarget && event.currentTarget.id) {","            case 'testRunButton1':","                // show tests","                if (document.querySelector('#testReportDiv1').style.display === 'none') {","                    document.querySelector('#testReportDiv1').style.display = 'block';","                    document.querySelector('#testRunButton1').textContent =","                        'hide internal test';","                    local.modeTest = true;","                    local.testRunDefault(local);","                // hide tests","                } else {","                    document.querySelector('#testReportDiv1').style.display = 'none';","                    document.querySelector('#testRunButton1').textContent = 'run internal test';","                }","                break;","            // custom-case","            default:","                break;","            }","            if (document.querySelector('#inputTextareaEval1') && (!event || (event &&","                    event.currentTarget &&","                    event.currentTarget.className &&","                    event.currentTarget.className.includes &&","                    event.currentTarget.className.includes('oneval')))) {","                // try to eval input-code","                try {","                    /*jslint evil: true*/","                    eval(document.querySelector('#inputTextareaEval1').value);","                } catch (errorCaught) {","                    console.error(errorCaught);","                }","            }","        };","        // log stderr and stdout to #outputTextareaStdout1","        ['error', 'log'].forEach(function (key) {","            console[key + '_original'] = console[key];","            console[key] = function () {","                var element;","                console[key + '_original'].apply(console, arguments);","                element = document.querySelector('#outputTextareaStdout1');","                if (!element) {","                    return;","                }","                // append text to #outputTextareaStdout1","                element.value += Array.from(arguments).map(function (arg) {","                    return typeof arg === 'string'","                        ? arg","                        : JSON.stringify(arg, null, 4);","                }).join(' ') + '\\n';","                // scroll textarea to bottom","                element.scrollTop = element.scrollHeight;","            };","        });","        // init event-handling","        ['change', 'click', 'keyup'].forEach(function (event) {","            Array.from(document.querySelectorAll('.on' + event)).forEach(function (element) {","                element.addEventListener(event, local.testRunBrowser);","            });","        });","        // run tests","        local.testRunBrowser();","        break;","","","","    // run node js-env code - post-init","    /* istanbul ignore next */","    case 'node':","        // export local","        module.exports = local;","        // require modules","        local.fs = require('fs');","        local.http = require('http');","        local.url = require('url');","        // init assets","        local.assetsDict = local.assetsDict || {};","        /* jslint-ignore-begin */","        local.assetsDict['/assets.index.template.html'] = '\\","<!doctype html>\\n\\","<html lang=\"en\">\\n\\","<head>\\n\\","<meta charset=\"UTF-8\">\\n\\","<meta name=\"viewport\" content=\"width=device-width, initial-scale=1\">\\n\\","<title>{{env.npm_package_name}} (v{{env.npm_package_version}})</title>\\n\\","<style>\\n\\","/*csslint\\n\\","    box-sizing: false,\\n\\","    universal-selector: false\\n\\","*/\\n\\","* {\\n\\","    box-sizing: border-box;\\n\\","}\\n\\","body {\\n\\","    background: #dde;\\n\\","    font-family: Arial, Helvetica, sans-serif;\\n\\","    margin: 2rem;\\n\\","}\\n\\","body > * {\\n\\","    margin-bottom: 1rem;\\n\\","}\\n\\",".utility2FooterDiv {\\n\\","    margin-top: 20px;\\n\\","    text-align: center;\\n\\","}\\n\\","</style>\\n\\","<style>\\n\\","/*csslint\\n\\","*/\\n\\","textarea {\\n\\","    font-family: monospace;\\n\\","    height: 10rem;\\n\\","    width: 100%;\\n\\","}\\n\\","textarea[readonly] {\\n\\","    background: #ddd;\\n\\","}\\n\\","</style>\\n\\","</head>\\n\\","<body>\\n\\","<!-- utility2-comment\\n\\","<div id=\"ajaxProgressDiv1\" style=\"background: #d00; height: 2px; left: 0; margin: 0; padding: 0; position: fixed; top: 0; transition: background 0.5s, width 1.5s; width: 25%;\"></div>\\n\\","utility2-comment -->\\n\\","<h1>\\n\\","<!-- utility2-comment\\n\\","    <a\\n\\","        {{#if env.npm_package_homepage}}\\n\\","        href=\"{{env.npm_package_homepage}}\"\\n\\","        {{/if env.npm_package_homepage}}\\n\\","        target=\"_blank\"\\n\\","    >\\n\\","utility2-comment -->\\n\\","        {{env.npm_package_name}} (v{{env.npm_package_version}})\\n\\","<!-- utility2-comment\\n\\","    </a>\\n\\","utility2-comment -->\\n\\","</h1>\\n\\","<h3>{{env.npm_package_description}}</h3>\\n\\","<!-- utility2-comment\\n\\","<h4><a download href=\"assets.app.js\">download standalone app</a></h4>\\n\\","<button class=\"onclick onreset\" id=\"testRunButton1\">run internal test</button><br>\\n\\","<div id=\"testReportDiv1\" style=\"display: none;\"></div>\\n\\","utility2-comment -->\\n\\","\\n\\","\\n\\","\\n\\","<label>stderr and stdout</label>\\n\\","<textarea class=\"resettable\" id=\"outputTextareaStdout1\" readonly></textarea>\\n\\","<!-- utility2-comment\\n\\","{{#if isRollup}}\\n\\","<script src=\"assets.app.js\"></script>\\n\\","{{#unless isRollup}}\\n\\","utility2-comment -->\\n\\","<script src=\"assets.utility2.rollup.js\"></script>\\n\\","<script src=\"jsonp.utility2._stateInit?callback=window.utility2._stateInit\"></script>\\n\\","<script src=\"assets.npmtest_jsonparse.rollup.js\"></script>\\n\\","<script src=\"assets.example.js\"></script>\\n\\","<script src=\"assets.test.js\"></script>\\n\\","<!-- utility2-comment\\n\\","{{/if isRollup}}\\n\\","utility2-comment -->\\n\\","<div class=\"utility2FooterDiv\">\\n\\","    [ this app was created with\\n\\","    <a href=\"https://github.com/kaizhu256/node-utility2\" target=\"_blank\">utility2</a>\\n\\","    ]\\n\\","</div>\\n\\","</body>\\n\\","</html>\\n\\","';","        /* jslint-ignore-end */","        if (local.templateRender) {","            local.assetsDict['/'] = local.templateRender(","                local.assetsDict['/assets.index.template.html'],","                {","                    env: local.objectSetDefault(local.env, {","                        npm_package_description: 'the greatest app in the world!',","                        npm_package_name: 'my-app',","                        npm_package_nameAlias: 'my_app',","                        npm_package_version: '0.0.1'","                    })","                }","            );","        } else {","            local.assetsDict['/'] = local.assetsDict['/assets.index.template.html']","                .replace((/\\{\\{env\\.(\\w+?)\\}\\}/g), function (match0, match1) {","                    // jslint-hack","                    String(match0);","                    switch (match1) {","                    case 'npm_package_description':","                        return 'the greatest app in the world!';","                    case 'npm_package_name':","                        return 'my-app';","                    case 'npm_package_nameAlias':","                        return 'my_app';","                    case 'npm_package_version':","                        return '0.0.1';","                    }","                });","        }","        // run the cli","        if (local.global.utility2_rollup || module !== require.main) {","            break;","        }","        local.assetsDict['/assets.example.js'] =","            local.assetsDict['/assets.example.js'] ||","            local.fs.readFileSync(__filename, 'utf8');","        // bug-workaround - long $npm_package_buildCustomOrg","        /* jslint-ignore-begin */","        local.assetsDict['/assets.npmtest_jsonparse.rollup.js'] =","            local.assetsDict['/assets.npmtest_jsonparse.rollup.js'] ||","            local.fs.readFileSync(","                local.npmtest_jsonparse.__dirname + '/lib.npmtest_jsonparse.js',","                'utf8'","            ).replace((/^#!/), '//');","        /* jslint-ignore-end */","        local.assetsDict['/favicon.ico'] = local.assetsDict['/favicon.ico'] || '';","        // if $npm_config_timeout_exit exists,","        // then exit this process after $npm_config_timeout_exit ms","        if (Number(process.env.npm_config_timeout_exit)) {","            setTimeout(process.exit, Number(process.env.npm_config_timeout_exit));","        }","        // start server","        if (local.global.utility2_serverHttp1) {","            break;","        }","        process.env.PORT = process.env.PORT || '8081';","        console.error('server starting on port ' + process.env.PORT);","        local.http.createServer(function (request, response) {","            request.urlParsed = local.url.parse(request.url);","            if (local.assetsDict[request.urlParsed.pathname] !== undefined) {","                response.end(local.assetsDict[request.urlParsed.pathname]);","                return;","            }","            response.statusCode = 404;","            response.end();","        }).listen(process.env.PORT);","        break;","    }","}());",""],"l":{"26":2,"28":2,"33":2,"35":2,"37":2,"38":2,"39":2,"44":1,"51":2,"55":2,"59":2,"61":2,"69":1,"70":2,"76":2,"79":2,"82":2,"83":2,"85":1,"89":2,"92":1,"93":1,"94":1,"96":1,"97":1,"100":1,"101":1,"103":1,"106":1,"108":2,"114":1,"116":1,"118":1,"123":1,"124":2,"125":2,"126":3,"127":3,"128":3,"129":3,"130":1,"133":3,"134":3,"139":3,"143":1,"144":3,"145":1,"149":1,"150":1,"158":1,"160":1,"161":1,"162":1,"164":1,"166":1,"258":1,"259":1,"271":1,"274":6,"275":6,"277":1,"279":2,"281":1,"283":2,"288":1,"289":1,"291":1,"296":1,"303":1,"306":1,"307":1,"310":1,"311":1,"313":1,"314":1,"315":1,"316":1,"317":1,"318":1,"319":1,"321":1,"322":1,"324":1}},"/home/travis/build/npmtest/node-npmtest-jsonparse/node_modules/jsonparse/jsonparse.js":{"path":"/home/travis/build/npmtest/node-npmtest-jsonparse/node_modules/jsonparse/jsonparse.js","s":{"1":1,"2":1,"3":1,"4":1,"5":1,"6":1,"7":1,"8":1,"9":1,"10":1,"11":1,"12":1,"13":1,"14":1,"15":1,"16":1,"17":1,"18":1,"19":1,"20":1,"21":1,"22":1,"23":1,"24":1,"25":1,"26":1,"27":1,"28":1,"29":1,"30":1,"31":1,"32":1,"33":1,"34":1,"35":1,"36":1,"37":1,"38":1,"39":1,"40":1,"41":1,"42":1,"43":1,"44":1,"45":1,"46":0,"47":0,"48":0,"49":0,"50":0,"51":0,"52":0,"53":0,"54":0,"55":0,"56":0,"57":0,"58":0,"59":0,"60":1,"61":0,"62":0,"63":0,"64":0,"65":0,"66":0,"67":1,"68":1,"69":0,"70":1,"71":0,"72":0,"73":1,"74":0,"75":0,"76":0,"77":0,"78":1,"79":0,"80":0,"81":0,"82":0,"83":0,"84":0,"85":0,"86":0,"87":0,"88":0,"89":0,"90":0,"91":0,"92":0,"93":1,"94":0,"95":0,"96":0,"97":0,"98":0,"99":0,"100":0,"101":0,"102":0,"103":0,"104":0,"105":0,"106":0,"107":0,"108":0,"109":0,"110":0,"111":0,"112":0,"113":0,"114":0,"115":0,"116":0,"117":0,"118":0,"119":0,"120":0,"121":0,"122":0,"123":0,"124":0,"125":0,"126":0,"127":0,"128":0,"129":0,"130":0,"131":0,"132":0,"133":0,"134":0,"135":0,"136":0,"137":0,"138":0,"139":0,"140":0,"141":0,"142":0,"143":0,"144":0,"145":0,"146":0,"147":0,"148":0,"149":0,"150":0,"151":0,"152":0,"153":0,"154":0,"155":0,"156":0,"157":0,"158":0,"159":0,"160":0,"161":0,"162":0,"163":0,"164":0,"165":0,"166":0,"167":0,"168":0,"169":0,"170":0,"171":0,"172":0,"173":0,"174":0,"175":0,"176":0,"177":0,"178":0,"179":0,"180":0,"181":0,"182":0,"183":0,"184":0,"185":0,"186":0,"187":0,"188":0,"189":0,"190":0,"191":0,"192":0,"193":0,"194":0,"195":0,"196":0,"197":0,"198":0,"199":0,"200":0,"201":0,"202":0,"203":0,"204":0,"205":0,"206":0,"207":0,"208":0,"209":0,"210":0,"211":0,"212":0,"213":0,"214":0,"215":0,"216":0,"217":0,"218":0,"219":0,"220":0,"221":0,"222":0,"223":0,"224":0,"225":0,"226":0,"227":0,"228":0,"229":0,"230":0,"231":0,"232":0,"233":0,"234":0,"235":0,"236":0,"237":0,"238":0,"239":0,"240":0,"241":0,"242":0,"243":0,"244":0,"245":0,"246":0,"247":0,"248":0,"249":0,"250":0,"251":0,"252":0,"253":0,"254":0,"255":0,"256":0,"257":0,"258":0,"259":0,"260":0,"261":0,"262":0,"263":0,"264":0,"265":0,"266":0,"267":0,"268":0,"269":1,"270":1,"271":0,"272":0,"273":1,"274":0,"275":1,"276":0,"277":0,"278":0,"279":0,"280":0,"281":0,"282":0,"283":0,"284":1,"285":0,"286":0,"287":0,"288":1,"289":1,"290":0,"291":0,"292":0,"293":0,"294":0,"295":0,"296":0,"297":0,"298":0,"299":0,"300":0,"301":0,"302":0,"303":0,"304":0,"305":0,"306":0,"307":0,"308":0,"309":0,"310":0,"311":0,"312":0,"313":0,"314":0,"315":0,"316":0,"317":0,"318":0,"319":0,"320":0,"321":0,"322":0,"323":0,"324":0,"325":0,"326":0,"327":0,"328":0,"329":0,"330":0,"331":0,"332":0,"333":0,"334":0,"335":0,"336":0,"337":0,"338":0,"339":0,"340":0,"341":0,"342":1,"343":1},"b":{"1":[0,0],"2":[0,0],"3":[0,0],"4":[0,0],"5":[0,0],"6":[0,0],"7":[0,0],"8":[0,0],"9":[0,0],"10":[0,0],"11":[0,0],"12":[0,0],"13":[0,0],"14":[0,0],"15":[0,0],"16":[0,0],"17":[0,0],"18":[0,0],"19":[0,0],"20":[0,0],"21":[0,0],"22":[0,0],"23":[0,0],"24":[0,0],"25":[0,0],"26":[0,0,0,0],"27":[0,0],"28":[0,0],"29":[0,0],"30":[0,0],"31":[0,0],"32":[0,0],"33":[0,0],"34":[0,0],"35":[0,0],"36":[0,0],"37":[0,0],"38":[0,0],"39":[0,0],"40":[0,0],"41":[0,0],"42":[0,0],"43":[0,0],"44":[0,0],"45":[0,0],"46":[0,0],"47":[0,0],"48":[0,0],"49":[0,0],"50":[0,0],"51":[0,0],"52":[0,0],"53":[0,0],"54":[0,0,0,0],"55":[0,0],"56":[0,0,0,0,0,0],"57":[0,0],"58":[0,0],"59":[0,0],"60":[0,0,0,0,0,0,0,0,0,0,0,0,0,0,0,0],"61":[0,0],"62":[0,0],"63":[0,0],"64":[0,0],"65":[0,0],"66":[0,0],"67":[0,0],"68":[0,0],"69":[0,0],"70":[0,0],"71":[0,0],"72":[0,0],"73":[0,0],"74":[0,0],"75":[0,0],"76":[0,0],"77":[0,0],"78":[0,0],"79":[0,0],"80":[0,0],"81":[0,0],"82":[0,0],"83":[0,0],"84":[0,0],"85":[0,0],"86":[0,0],"87":[0,0],"88":[0,0],"89":[0,0,0,0,0],"90":[0,0],"91":[0,0],"92":[0,0],"93":[0,0],"94":[0,0],"95":[0,0],"96":[0,0],"97":[0,0],"98":[0,0],"99":[0,0],"100":[0,0],"101":[0,0],"102":[0,0],"103":[0,0],"104":[0,0],"105":[0,0],"106":[0,0],"107":[0,0],"108":[0,0],"109":[0,0,0,0]},"f":{"1":0,"2":0,"3":0,"4":0,"5":0,"6":0,"7":0,"8":0,"9":0,"10":0,"11":0,"12":0,"13":0,"14":0},"fnMap":{"1":{"name":"Parser","line":54,"loc":{"start":{"line":54,"column":0},"end":{"line":54,"column":18}}},"2":{"name":"(anonymous_2)","line":76,"loc":{"start":{"line":76,"column":16},"end":{"line":76,"column":32}}},"3":{"name":"(anonymous_3)","line":86,"loc":{"start":{"line":86,"column":16},"end":{"line":86,"column":31}}},"4":{"name":"(anonymous_4)","line":87,"loc":{"start":{"line":87,"column":18},"end":{"line":87,"column":39}}},"5":{"name":"(anonymous_5)","line":91,"loc":{"start":{"line":91,"column":25},"end":{"line":91,"column":41}}},"6":{"name":"(anonymous_6)","line":99,"loc":{"start":{"line":99,"column":24},"end":{"line":99,"column":51}}},"7":{"name":"(anonymous_7)","line":126,"loc":{"start":{"line":126,"column":14},"end":{"line":126,"column":32}}},"8":{"name":"(anonymous_8)","line":302,"loc":{"start":{"line":302,"column":16},"end":{"line":302,"column":40}}},"9":{"name":"(anonymous_9)","line":306,"loc":{"start":{"line":306,"column":19},"end":{"line":306,"column":43}}},"10":{"name":"(anonymous_10)","line":310,"loc":{"start":{"line":310,"column":13},"end":{"line":310,"column":25}}},"11":{"name":"(anonymous_11)","line":313,"loc":{"start":{"line":313,"column":12},"end":{"line":313,"column":24}}},"12":{"name":"(anonymous_12)","line":322,"loc":{"start":{"line":322,"column":13},"end":{"line":322,"column":30}}},"13":{"name":"(anonymous_13)","line":326,"loc":{"start":{"line":326,"column":16},"end":{"line":326,"column":33}}},"14":{"name":"(anonymous_14)","line":329,"loc":{"start":{"line":329,"column":16},"end":{"line":329,"column":40}}}},"statementMap":{"1":{"start":{"line":3,"column":0},"end":{"line":3,"column":11}},"2":{"start":{"line":5,"column":0},"end":{"line":5,"column":42}},"3":{"start":{"line":6,"column":0},"end":{"line":6,"column":42}},"4":{"start":{"line":7,"column":0},"end":{"line":7,"column":42}},"5":{"start":{"line":8,"column":0},"end":{"line":8,"column":42}},"6":{"start":{"line":9,"column":0},"end":{"line":9,"column":42}},"7":{"start":{"line":10,"column":0},"end":{"line":10,"column":42}},"8":{"start":{"line":11,"column":0},"end":{"line":11,"column":42}},"9":{"start":{"line":12,"column":0},"end":{"line":12,"column":42}},"10":{"start":{"line":13,"column":0},"end":{"line":13,"column":42}},"11":{"start":{"line":14,"column":0},"end":{"line":14,"column":42}},"12":{"start":{"line":15,"column":0},"end":{"line":15,"column":42}},"13":{"start":{"line":17,"column":0},"end":{"line":17,"column":31}},"14":{"start":{"line":18,"column":0},"end":{"line":18,"column":31}},"15":{"start":{"line":19,"column":0},"end":{"line":19,"column":31}},"16":{"start":{"line":20,"column":0},"end":{"line":20,"column":31}},"17":{"start":{"line":21,"column":0},"end":{"line":21,"column":31}},"18":{"start":{"line":22,"column":0},"end":{"line":22,"column":31}},"19":{"start":{"line":23,"column":0},"end":{"line":23,"column":31}},"20":{"start":{"line":24,"column":0},"end":{"line":24,"column":31}},"21":{"start":{"line":25,"column":0},"end":{"line":25,"column":31}},"22":{"start":{"line":26,"column":0},"end":{"line":26,"column":31}},"23":{"start":{"line":27,"column":0},"end":{"line":27,"column":31}},"24":{"start":{"line":28,"column":0},"end":{"line":28,"column":31}},"25":{"start":{"line":29,"column":0},"end":{"line":29,"column":31}},"26":{"start":{"line":30,"column":0},"end":{"line":30,"column":31}},"27":{"start":{"line":31,"column":0},"end":{"line":31,"column":31}},"28":{"start":{"line":32,"column":0},"end":{"line":32,"column":31}},"29":{"start":{"line":33,"column":0},"end":{"line":33,"column":31}},"30":{"start":{"line":34,"column":0},"end":{"line":34,"column":31}},"31":{"start":{"line":35,"column":0},"end":{"line":35,"column":31}},"32":{"start":{"line":36,"column":0},"end":{"line":36,"column":31}},"33":{"start":{"line":38,"column":0},"end":{"line":38,"column":31}},"34":{"start":{"line":39,"column":0},"end":{"line":39,"column":31}},"35":{"start":{"line":41,"column":0},"end":{"line":41,"column":31}},"36":{"start":{"line":42,"column":0},"end":{"line":42,"column":31}},"37":{"start":{"line":44,"column":0},"end":{"line":44,"column":41}},"38":{"start":{"line":45,"column":0},"end":{"line":45,"column":41}},"39":{"start":{"line":46,"column":0},"end":{"line":46,"column":41}},"40":{"start":{"line":47,"column":0},"end":{"line":47,"column":41}},"41":{"start":{"line":48,"column":0},"end":{"line":48,"column":41}},"42":{"start":{"line":49,"column":0},"end":{"line":49,"column":41}},"43":{"start":{"line":50,"column":0},"end":{"line":50,"column":41}},"44":{"start":{"line":52,"column":0},"end":{"line":52,"column":35}},"45":{"start":{"line":54,"column":0},"end":{"line":73,"column":1}},"46":{"start":{"line":55,"column":2},"end":{"line":55,"column":22}},"47":{"start":{"line":56,"column":2},"end":{"line":56,"column":25}},"48":{"start":{"line":58,"column":2},"end":{"line":58,"column":26}},"49":{"start":{"line":59,"column":2},"end":{"line":59,"column":103}},"50":{"start":{"line":60,"column":2},"end":{"line":60,"column":30}},"51":{"start":{"line":61,"column":2},"end":{"line":61,"column":27}},"52":{"start":{"line":63,"column":2},"end":{"line":63,"column":23}},"53":{"start":{"line":64,"column":2},"end":{"line":64,"column":24}},"54":{"start":{"line":65,"column":2},"end":{"line":65,"column":18}},"55":{"start":{"line":66,"column":2},"end":{"line":66,"column":21}},"56":{"start":{"line":67,"column":2},"end":{"line":67,"column":27}},"57":{"start":{"line":68,"column":2},"end":{"line":68,"column":29}},"58":{"start":{"line":69,"column":2},"end":{"line":69,"column":83}},"59":{"start":{"line":72,"column":2},"end":{"line":72,"column":19}},"60":{"start":{"line":76,"column":0},"end":{"line":83,"column":2}},"61":{"start":{"line":77,"column":2},"end":{"line":77,"column":28}},"62":{"start":{"line":78,"column":2},"end":{"line":81,"column":3}},"63":{"start":{"line":79,"column":4},"end":{"line":79,"column":22}},"64":{"start":{"line":80,"column":4},"end":{"line":80,"column":40}},"65":{"start":{"line":80,"column":27},"end":{"line":80,"column":38}},"66":{"start":{"line":82,"column":2},"end":{"line":82,"column":44}},"67":{"start":{"line":85,"column":0},"end":{"line":85,"column":29}},"68":{"start":{"line":86,"column":0},"end":{"line":86,"column":46}},"69":{"start":{"line":86,"column":33},"end":{"line":86,"column":43}},"70":{"start":{"line":87,"column":0},"end":{"line":90,"column":2}},"71":{"start":{"line":88,"column":2},"end":{"line":88,"column":21}},"72":{"start":{"line":89,"column":2},"end":{"line":89,"column":156}},"73":{"start":{"line":91,"column":0},"end":{"line":98,"column":2}},"74":{"start":{"line":92,"column":2},"end":{"line":95,"column":3}},"75":{"start":{"line":93,"column":4},"end":{"line":93,"column":54}},"76":{"start":{"line":94,"column":4},"end":{"line":94,"column":32}},"77":{"start":{"line":97,"column":2},"end":{"line":97,"column":54}},"78":{"start":{"line":99,"column":0},"end":{"line":125,"column":2}},"79":{"start":{"line":100,"column":2},"end":{"line":100,"column":24}},"80":{"start":{"line":101,"column":2},"end":{"line":112,"column":3}},"81":{"start":{"line":102,"column":4},"end":{"line":111,"column":5}},"82":{"start":{"line":103,"column":6},"end":{"line":108,"column":7}},"83":{"start":{"line":105,"column":8},"end":{"line":105,"column":40}},"84":{"start":{"line":107,"column":8},"end":{"line":107,"column":27}},"85":{"start":{"line":110,"column":6},"end":{"line":110,"column":32}},"86":{"start":{"line":114,"column":2},"end":{"line":116,"column":3}},"87":{"start":{"line":115,"column":4},"end":{"line":115,"column":13}},"88":{"start":{"line":118,"column":2},"end":{"line":121,"column":3}},"89":{"start":{"line":119,"column":4},"end":{"line":119,"column":82}},"90":{"start":{"line":120,"column":4},"end":{"line":120,"column":32}},"91":{"start":{"line":123,"column":2},"end":{"line":123,"column":67}},"92":{"start":{"line":124,"column":2},"end":{"line":124,"column":34}},"93":{"start":{"line":126,"column":0},"end":{"line":301,"column":2}},"94":{"start":{"line":127,"column":2},"end":{"line":127,"column":62}},"95":{"start":{"line":127,"column":34},"end":{"line":127,"column":62}},"96":{"start":{"line":128,"column":2},"end":{"line":128,"column":8}},"97":{"start":{"line":129,"column":2},"end":{"line":300,"column":3}},"98":{"start":{"line":130,"column":4},"end":{"line":299,"column":5}},"99":{"start":{"line":131,"column":6},"end":{"line":131,"column":20}},"100":{"start":{"line":132,"column":6},"end":{"line":132,"column":20}},"101":{"start":{"line":133,"column":6},"end":{"line":155,"column":7}},"102":{"start":{"line":133,"column":22},"end":{"line":133,"column":52}},"103":{"start":{"line":134,"column":12},"end":{"line":155,"column":7}},"104":{"start":{"line":134,"column":28},"end":{"line":134,"column":59}},"105":{"start":{"line":135,"column":12},"end":{"line":155,"column":7}},"106":{"start":{"line":135,"column":28},"end":{"line":135,"column":60}},"107":{"start":{"line":136,"column":12},"end":{"line":155,"column":7}},"108":{"start":{"line":136,"column":28},"end":{"line":136,"column":61}},"109":{"start":{"line":137,"column":12},"end":{"line":155,"column":7}},"110":{"start":{"line":137,"column":28},"end":{"line":137,"column":53}},"111":{"start":{"line":138,"column":12},"end":{"line":155,"column":7}},"112":{"start":{"line":138,"column":28},"end":{"line":138,"column":53}},"113":{"start":{"line":139,"column":12},"end":{"line":155,"column":7}},"114":{"start":{"line":139,"column":28},"end":{"line":139,"column":48}},"115":{"start":{"line":140,"column":12},"end":{"line":155,"column":7}},"116":{"start":{"line":140,"column":28},"end":{"line":140,"column":49}},"117":{"start":{"line":141,"column":12},"end":{"line":155,"column":7}},"118":{"start":{"line":141,"column":28},"end":{"line":141,"column":48}},"119":{"start":{"line":142,"column":12},"end":{"line":155,"column":7}},"120":{"start":{"line":143,"column":8},"end":{"line":143,"column":25}},"121":{"start":{"line":144,"column":8},"end":{"line":144,"column":36}},"122":{"start":{"line":145,"column":8},"end":{"line":145,"column":30}},"123":{"start":{"line":146,"column":12},"end":{"line":155,"column":7}},"124":{"start":{"line":146,"column":28},"end":{"line":146,"column":46}},"125":{"start":{"line":146,"column":47},"end":{"line":146,"column":69}},"126":{"start":{"line":148,"column":8},"end":{"line":154,"column":9}},"127":{"start":{"line":149,"column":10},"end":{"line":149,"column":47}},"128":{"start":{"line":149,"column":48},"end":{"line":149,"column":70}},"129":{"start":{"line":150,"column":15},"end":{"line":154,"column":9}},"130":{"start":{"line":153,"column":10},"end":{"line":153,"column":43}},"131":{"start":{"line":156,"column":10},"end":{"line":299,"column":5}},"132":{"start":{"line":157,"column":6},"end":{"line":157,"column":20}},"133":{"start":{"line":160,"column":6},"end":{"line":199,"column":7}},"134":{"start":{"line":161,"column":8},"end":{"line":163,"column":9}},"135":{"start":{"line":162,"column":10},"end":{"line":162,"column":113}},"136":{"start":{"line":165,"column":8},"end":{"line":165,"column":70}},"137":{"start":{"line":166,"column":8},"end":{"line":166,"column":58}},"138":{"start":{"line":167,"column":8},"end":{"line":167,"column":22}},"139":{"start":{"line":168,"column":13},"end":{"line":199,"column":7}},"140":{"start":{"line":169,"column":8},"end":{"line":171,"column":9}},"141":{"start":{"line":170,"column":10},"end":{"line":170,"column":129}},"142":{"start":{"line":172,"column":8},"end":{"line":172,"column":65}},"143":{"start":{"line":172,"column":38},"end":{"line":172,"column":65}},"144":{"start":{"line":173,"column":8},"end":{"line":173,"column":65}},"145":{"start":{"line":173,"column":38},"end":{"line":173,"column":65}},"146":{"start":{"line":174,"column":8},"end":{"line":174,"column":65}},"147":{"start":{"line":174,"column":38},"end":{"line":174,"column":65}},"148":{"start":{"line":175,"column":8},"end":{"line":184,"column":9}},"149":{"start":{"line":176,"column":10},"end":{"line":178,"column":11}},"150":{"start":{"line":177,"column":12},"end":{"line":177,"column":71}},"151":{"start":{"line":179,"column":10},"end":{"line":179,"column":78}},"152":{"start":{"line":180,"column":10},"end":{"line":180,"column":32}},"153":{"start":{"line":182,"column":10},"end":{"line":182,"column":70}},"154":{"start":{"line":183,"column":10},"end":{"line":183,"column":45}},"155":{"start":{"line":185,"column":13},"end":{"line":199,"column":7}},"156":{"start":{"line":186,"column":8},"end":{"line":186,"column":28}},"157":{"start":{"line":187,"column":8},"end":{"line":187,"column":86}},"158":{"start":{"line":188,"column":8},"end":{"line":188,"column":36}},"159":{"start":{"line":189,"column":8},"end":{"line":189,"column":42}},"160":{"start":{"line":190,"column":8},"end":{"line":190,"column":66}},"161":{"start":{"line":191,"column":8},"end":{"line":191,"column":32}},"162":{"start":{"line":193,"column":11},"end":{"line":199,"column":7}},"163":{"start":{"line":194,"column":8},"end":{"line":194,"column":30}},"164":{"start":{"line":196,"column":11},"end":{"line":199,"column":7}},"165":{"start":{"line":196,"column":28},"end":{"line":196,"column":53}},"166":{"start":{"line":198,"column":10},"end":{"line":198,"column":43}},"167":{"start":{"line":200,"column":10},"end":{"line":299,"column":5}},"168":{"start":{"line":201,"column":6},"end":{"line":201,"column":20}},"169":{"start":{"line":202,"column":6},"end":{"line":213,"column":7}},"170":{"start":{"line":202,"column":22},"end":{"line":202,"column":47}},"171":{"start":{"line":202,"column":48},"end":{"line":202,"column":70}},"172":{"start":{"line":203,"column":12},"end":{"line":213,"column":7}},"173":{"start":{"line":203,"column":28},"end":{"line":203,"column":62}},"174":{"start":{"line":203,"column":63},"end":{"line":203,"column":85}},"175":{"start":{"line":204,"column":12},"end":{"line":213,"column":7}},"176":{"start":{"line":204,"column":28},"end":{"line":204,"column":65}},"177":{"start":{"line":204,"column":66},"end":{"line":204,"column":88}},"178":{"start":{"line":205,"column":12},"end":{"line":213,"column":7}},"179":{"start":{"line":205,"column":28},"end":{"line":205,"column":61}},"180":{"start":{"line":205,"column":62},"end":{"line":205,"column":84}},"181":{"start":{"line":206,"column":12},"end":{"line":213,"column":7}},"182":{"start":{"line":206,"column":28},"end":{"line":206,"column":61}},"183":{"start":{"line":206,"column":62},"end":{"line":206,"column":84}},"184":{"start":{"line":207,"column":12},"end":{"line":213,"column":7}},"185":{"start":{"line":207,"column":28},"end":{"line":207,"column":59}},"186":{"start":{"line":207,"column":60},"end":{"line":207,"column":82}},"187":{"start":{"line":208,"column":12},"end":{"line":213,"column":7}},"188":{"start":{"line":208,"column":28},"end":{"line":208,"column":67}},"189":{"start":{"line":208,"column":68},"end":{"line":208,"column":90}},"190":{"start":{"line":209,"column":12},"end":{"line":213,"column":7}},"191":{"start":{"line":209,"column":28},"end":{"line":209,"column":55}},"192":{"start":{"line":209,"column":56},"end":{"line":209,"column":78}},"193":{"start":{"line":210,"column":12},"end":{"line":213,"column":7}},"194":{"start":{"line":210,"column":28},"end":{"line":210,"column":46}},"195":{"start":{"line":210,"column":47},"end":{"line":210,"column":69}},"196":{"start":{"line":212,"column":8},"end":{"line":212,"column":41}},"197":{"start":{"line":214,"column":10},"end":{"line":299,"column":5}},"198":{"start":{"line":215,"column":6},"end":{"line":215,"column":20}},"199":{"start":{"line":217,"column":6},"end":{"line":226,"column":7}},"200":{"start":{"line":218,"column":8},"end":{"line":218,"column":47}},"201":{"start":{"line":219,"column":8},"end":{"line":223,"column":9}},"202":{"start":{"line":220,"column":10},"end":{"line":220,"column":88}},"203":{"start":{"line":221,"column":10},"end":{"line":221,"column":35}},"204":{"start":{"line":222,"column":10},"end":{"line":222,"column":32}},"205":{"start":{"line":225,"column":8},"end":{"line":225,"column":41}},"206":{"start":{"line":227,"column":11},"end":{"line":299,"column":5}},"207":{"start":{"line":228,"column":8},"end":{"line":228,"column":22}},"208":{"start":{"line":230,"column":8},"end":{"line":268,"column":9}},"209":{"start":{"line":246,"column":12},"end":{"line":246,"column":50}},"210":{"start":{"line":247,"column":12},"end":{"line":247,"column":34}},"211":{"start":{"line":248,"column":12},"end":{"line":248,"column":18}},"212":{"start":{"line":250,"column":12},"end":{"line":250,"column":32}},"213":{"start":{"line":251,"column":12},"end":{"line":251,"column":45}},"214":{"start":{"line":253,"column":12},"end":{"line":255,"column":13}},"215":{"start":{"line":254,"column":14},"end":{"line":254,"column":47}},"216":{"start":{"line":257,"column":12},"end":{"line":262,"column":13}},"217":{"start":{"line":259,"column":14},"end":{"line":259,"column":48}},"218":{"start":{"line":261,"column":14},"end":{"line":261,"column":43}},"219":{"start":{"line":264,"column":12},"end":{"line":264,"column":50}},"220":{"start":{"line":265,"column":12},"end":{"line":265,"column":36}},"221":{"start":{"line":266,"column":12},"end":{"line":266,"column":16}},"222":{"start":{"line":267,"column":12},"end":{"line":267,"column":18}},"223":{"start":{"line":269,"column":10},"end":{"line":299,"column":5}},"224":{"start":{"line":270,"column":6},"end":{"line":271,"column":48}},"225":{"start":{"line":270,"column":32},"end":{"line":270,"column":52}},"226":{"start":{"line":271,"column":13},"end":{"line":271,"column":46}},"227":{"start":{"line":272,"column":10},"end":{"line":299,"column":5}},"228":{"start":{"line":273,"column":6},"end":{"line":274,"column":48}},"229":{"start":{"line":273,"column":32},"end":{"line":273,"column":52}},"230":{"start":{"line":274,"column":13},"end":{"line":274,"column":46}},"231":{"start":{"line":275,"column":10},"end":{"line":299,"column":5}},"232":{"start":{"line":276,"column":6},"end":{"line":277,"column":48}},"233":{"start":{"line":276,"column":32},"end":{"line":276,"column":52}},"234":{"start":{"line":276,"column":53},"end":{"line":276,"column":78}},"235":{"start":{"line":276,"column":79},"end":{"line":276,"column":95}},"236":{"start":{"line":277,"column":13},"end":{"line":277,"column":46}},"237":{"start":{"line":278,"column":10},"end":{"line":299,"column":5}},"238":{"start":{"line":279,"column":6},"end":{"line":280,"column":48}},"239":{"start":{"line":279,"column":32},"end":{"line":279,"column":53}},"240":{"start":{"line":280,"column":13},"end":{"line":280,"column":46}},"241":{"start":{"line":281,"column":10},"end":{"line":299,"column":5}},"242":{"start":{"line":282,"column":6},"end":{"line":283,"column":48}},"243":{"start":{"line":282,"column":32},"end":{"line":282,"column":53}},"244":{"start":{"line":283,"column":13},"end":{"line":283,"column":46}},"245":{"start":{"line":284,"column":10},"end":{"line":299,"column":5}},"246":{"start":{"line":285,"column":6},"end":{"line":286,"column":48}},"247":{"start":{"line":285,"column":32},"end":{"line":285,"column":53}},"248":{"start":{"line":286,"column":13},"end":{"line":286,"column":46}},"249":{"start":{"line":287,"column":10},"end":{"line":299,"column":5}},"250":{"start":{"line":288,"column":6},"end":{"line":289,"column":48}},"251":{"start":{"line":288,"column":32},"end":{"line":288,"column":52}},"252":{"start":{"line":288,"column":53},"end":{"line":288,"column":80}},"253":{"start":{"line":288,"column":81},"end":{"line":288,"column":97}},"254":{"start":{"line":289,"column":13},"end":{"line":289,"column":46}},"255":{"start":{"line":290,"column":10},"end":{"line":299,"column":5}},"256":{"start":{"line":291,"column":6},"end":{"line":292,"column":48}},"257":{"start":{"line":291,"column":32},"end":{"line":291,"column":52}},"258":{"start":{"line":292,"column":13},"end":{"line":292,"column":46}},"259":{"start":{"line":293,"column":10},"end":{"line":299,"column":5}},"260":{"start":{"line":294,"column":6},"end":{"line":295,"column":48}},"261":{"start":{"line":294,"column":32},"end":{"line":294,"column":52}},"262":{"start":{"line":295,"column":13},"end":{"line":295,"column":46}},"263":{"start":{"line":296,"column":10},"end":{"line":299,"column":5}},"264":{"start":{"line":297,"column":6},"end":{"line":298,"column":48}},"265":{"start":{"line":297,"column":32},"end":{"line":297,"column":52}},"266":{"start":{"line":297,"column":53},"end":{"line":297,"column":78}},"267":{"start":{"line":297,"column":79},"end":{"line":297,"column":96}},"268":{"start":{"line":298,"column":13},"end":{"line":298,"column":46}},"269":{"start":{"line":302,"column":0},"end":{"line":304,"column":2}},"270":{"start":{"line":306,"column":0},"end":{"line":309,"column":2}},"271":{"start":{"line":307,"column":2},"end":{"line":307,"column":21}},"272":{"start":{"line":308,"column":2},"end":{"line":308,"column":160}},"273":{"start":{"line":310,"column":0},"end":{"line":312,"column":2}},"274":{"start":{"line":311,"column":2},"end":{"line":311,"column":71}},"275":{"start":{"line":313,"column":0},"end":{"line":321,"column":2}},"276":{"start":{"line":314,"column":2},"end":{"line":314,"column":25}},"277":{"start":{"line":315,"column":2},"end":{"line":315,"column":32}},"278":{"start":{"line":316,"column":2},"end":{"line":316,"column":28}},"279":{"start":{"line":317,"column":2},"end":{"line":317,"column":24}},"280":{"start":{"line":318,"column":2},"end":{"line":318,"column":26}},"281":{"start":{"line":319,"column":2},"end":{"line":319,"column":19}},"282":{"start":{"line":320,"column":2},"end":{"line":320,"column":41}},"283":{"start":{"line":320,"column":20},"end":{"line":320,"column":39}},"284":{"start":{"line":322,"column":0},"end":{"line":325,"column":2}},"285":{"start":{"line":323,"column":2},"end":{"line":323,"column":40}},"286":{"start":{"line":323,"column":19},"end":{"line":323,"column":38}},"287":{"start":{"line":324,"column":2},"end":{"line":324,"column":22}},"288":{"start":{"line":326,"column":0},"end":{"line":328,"column":2}},"289":{"start":{"line":329,"column":0},"end":{"line":396,"column":2}},"290":{"start":{"line":330,"column":2},"end":{"line":395,"column":3}},"291":{"start":{"line":331,"column":4},"end":{"line":370,"column":5}},"292":{"start":{"line":332,"column":6},"end":{"line":334,"column":7}},"293":{"start":{"line":333,"column":8},"end":{"line":333,"column":37}},"294":{"start":{"line":335,"column":6},"end":{"line":335,"column":23}},"295":{"start":{"line":336,"column":10},"end":{"line":370,"column":5}},"296":{"start":{"line":337,"column":6},"end":{"line":337,"column":18}},"297":{"start":{"line":338,"column":6},"end":{"line":342,"column":7}},"298":{"start":{"line":339,"column":8},"end":{"line":339,"column":47}},"299":{"start":{"line":341,"column":8},"end":{"line":341,"column":24}},"300":{"start":{"line":343,"column":6},"end":{"line":343,"column":27}},"301":{"start":{"line":344,"column":6},"end":{"line":344,"column":23}},"302":{"start":{"line":345,"column":6},"end":{"line":345,"column":25}},"303":{"start":{"line":346,"column":10},"end":{"line":370,"column":5}},"304":{"start":{"line":347,"column":6},"end":{"line":347,"column":18}},"305":{"start":{"line":348,"column":6},"end":{"line":352,"column":7}},"306":{"start":{"line":349,"column":8},"end":{"line":349,"column":47}},"307":{"start":{"line":351,"column":8},"end":{"line":351,"column":24}},"308":{"start":{"line":353,"column":6},"end":{"line":353,"column":19}},"309":{"start":{"line":354,"column":6},"end":{"line":354,"column":24}},"310":{"start":{"line":355,"column":6},"end":{"line":355,"column":25}},"311":{"start":{"line":356,"column":10},"end":{"line":370,"column":5}},"312":{"start":{"line":357,"column":6},"end":{"line":361,"column":7}},"313":{"start":{"line":358,"column":8},"end":{"line":358,"column":19}},"314":{"start":{"line":360,"column":8},"end":{"line":360,"column":45}},"315":{"start":{"line":362,"column":10},"end":{"line":370,"column":5}},"316":{"start":{"line":363,"column":6},"end":{"line":367,"column":7}},"317":{"start":{"line":364,"column":8},"end":{"line":364,"column":19}},"318":{"start":{"line":366,"column":8},"end":{"line":366,"column":45}},"319":{"start":{"line":369,"column":6},"end":{"line":369,"column":43}},"320":{"start":{"line":371,"column":8},"end":{"line":395,"column":3}},"321":{"start":{"line":372,"column":4},"end":{"line":379,"column":5}},"322":{"start":{"line":373,"column":6},"end":{"line":373,"column":23}},"323":{"start":{"line":374,"column":6},"end":{"line":374,"column":25}},"324":{"start":{"line":375,"column":11},"end":{"line":379,"column":5}},"325":{"start":{"line":376,"column":6},"end":{"line":376,"column":17}},"326":{"start":{"line":378,"column":6},"end":{"line":378,"column":43}},"327":{"start":{"line":380,"column":8},"end":{"line":395,"column":3}},"328":{"start":{"line":381,"column":4},"end":{"line":382,"column":50}},"329":{"start":{"line":381,"column":27},"end":{"line":381,"column":46}},"330":{"start":{"line":382,"column":11},"end":{"line":382,"column":48}},"331":{"start":{"line":383,"column":8},"end":{"line":395,"column":3}},"332":{"start":{"line":384,"column":4},"end":{"line":392,"column":5}},"333":{"start":{"line":385,"column":6},"end":{"line":386,"column":58}},"334":{"start":{"line":385,"column":33},"end":{"line":385,"column":44}},"335":{"start":{"line":385,"column":45},"end":{"line":385,"column":64}},"336":{"start":{"line":386,"column":11},"end":{"line":386,"column":58}},"337":{"start":{"line":386,"column":39},"end":{"line":386,"column":56}},"338":{"start":{"line":388,"column":11},"end":{"line":392,"column":5}},"339":{"start":{"line":389,"column":6},"end":{"line":389,"column":17}},"340":{"start":{"line":391,"column":6},"end":{"line":391,"column":43}},"341":{"start":{"line":394,"column":4},"end":{"line":394,"column":41}},"342":{"start":{"line":398,"column":0},"end":{"line":398,"column":13}},"343":{"start":{"line":400,"column":0},"end":{"line":400,"column":24}}},"branchMap":{"1":{"line":59,"type":"cond-expr","location
[...]
88,"column":110}}]}},"code":["/*global Buffer*/","// Named constants with unique integer values","var C = {};","// Tokens","var LEFT_BRACE    = C.LEFT_BRACE    = 0x1;","var RIGHT_BRACE   = C.RIGHT_BRACE   = 0x2;","var LEFT_BRACKET  = C.LEFT_BRACKET  = 0x3;","var RIGHT_BRACKET = C.RIGHT_BRACKET = 0x4;","var COLON         = C.COLON         = 0x5;","var COMMA         = C.COMMA         = 0x6;","var TRUE          = C.TRUE          = 0x7;","var FALSE         = C.FALSE         = 0x8;","var NULL          = C.NULL          = 0x9;","var STRING        = C.STRING        = 0xa;","var NUMBER        = C.NUMBER        = 0xb;","// Tokenizer States","var START   = C.START   = 0x11;","var STOP    = C.STOP    = 0x12;","var TRUE1   = C.TRUE1   = 0x21;","var TRUE2   = C.TRUE2   = 0x22;","var TRUE3   = C.TRUE3   = 0x23;","var FALSE1  = C.FALSE1  = 0x31;","var FALSE2  = C.FALSE2  = 0x32;","var FALSE3  = C.FALSE3  = 0x33;","var FALSE4  = C.FALSE4  = 0x34;","var NULL1   = C.NULL1   = 0x41;","var NULL2   = C.NULL2   = 0x42;","var NULL3   = C.NULL3   = 0x43;","var NUMBER1 = C.NUMBER1 = 0x51;","var NUMBER3 = C.NUMBER3 = 0x53;","var STRING1 = C.STRING1 = 0x61;","var STRING2 = C.STRING2 = 0x62;","var STRING3 = C.STRING3 = 0x63;","var STRING4 = C.STRING4 = 0x64;","var STRING5 = C.STRING5 = 0x65;","var STRING6 = C.STRING6 = 0x66;","// Parser States","var VALUE   = C.VALUE   = 0x71;","var KEY     = C.KEY     = 0x72;","// Parser Modes","var OBJECT  = C.OBJECT  = 0x81;","var ARRAY   = C.ARRAY   = 0x82;","// Character constants","var BACK_SLASH =      \"\\\\\".charCodeAt(0);","var FORWARD_SLASH =   \"\\/\".charCodeAt(0);","var BACKSPACE =       \"\\b\".charCodeAt(0);","var FORM_FEED =       \"\\f\".charCodeAt(0);","var NEWLINE =         \"\\n\".charCodeAt(0);","var CARRIAGE_RETURN = \"\\r\".charCodeAt(0);","var TAB =             \"\\t\".charCodeAt(0);","","var STRING_BUFFER_SIZE = 64 * 1024;","","function Parser() {","  this.tState = START;","  this.value = undefined;","","  this.string = undefined; // string data","  this.stringBuffer = Buffer.alloc ? Buffer.alloc(STRING_BUFFER_SIZE) : new Buffer(STRING_BUFFER_SIZE);","  this.stringBufferOffset = 0;","  this.unicode = undefined; // unicode escapes","","  this.key = undefined;","  this.mode = undefined;","  this.stack = [];","  this.state = VALUE;","  this.bytes_remaining = 0; // number of bytes remaining in multi byte utf8 char to read after split boundary","  this.bytes_in_sequence = 0; // bytes in multi byte utf8 char to read","  this.temp_buffs = { \"2\": new Buffer(2), \"3\": new Buffer(3), \"4\": new Buffer(4) }; // for rebuilding chars split before boundary is reached","","  // Stream offset","  this.offset = -1;","}","","// Slow code to string converter (only used when throwing syntax errors)","Parser.toknam = function (code) {","  var keys = Object.keys(C);","  for (var i = 0, l = keys.length; i < l; i++) {","    var key = keys[i];","    if (C[key] === code) { return key; }","  }","  return code && (\"0x\" + code.toString(16));","};","","var proto = Parser.prototype;","proto.onError = function (err) { throw err; };","proto.charError = function (buffer, i) {","  this.tState = STOP;","  this.onError(new Error(\"Unexpected \" + JSON.stringify(String.fromCharCode(buffer[i])) + \" at position \" + i + \" in state \" + Parser.toknam(this.tState)));","};","proto.appendStringChar = function (char) {","  if (this.stringBufferOffset >= STRING_BUFFER_SIZE) {","    this.string += this.stringBuffer.toString('utf8');","    this.stringBufferOffset = 0;","  }","","  this.stringBuffer[this.stringBufferOffset++] = char;","};","proto.appendStringBuf = function (buf, start, end) {","  var size = buf.length;","  if (typeof start === 'number') {","    if (typeof end === 'number') {","      if (end < 0) {","        // adding a negative end decreeses the size","        size = buf.length - start + end;","      } else {","        size = end - start;","      }","    } else {","      size = buf.length - start;","    }","  }","","  if (size < 0) {","    size = 0;","  }","","  if (this.stringBufferOffset + size > STRING_BUFFER_SIZE) {","    this.string += this.stringBuffer.toString('utf8', 0, this.stringBufferOffset);","    this.stringBufferOffset = 0;","  }","","  buf.copy(this.stringBuffer, this.stringBufferOffset, start, end);","  this.stringBufferOffset += size;","};","proto.write = function (buffer) {","  if (typeof buffer === \"string\") buffer = new Buffer(buffer);","  var n;","  for (var i = 0, l = buffer.length; i < l; i++) {","    if (this.tState === START){","      n = buffer[i];","      this.offset++;","      if(n === 0x7b){ this.onToken(LEFT_BRACE, \"{\"); // {","      }else if(n === 0x7d){ this.onToken(RIGHT_BRACE, \"}\"); // }","      }else if(n === 0x5b){ this.onToken(LEFT_BRACKET, \"[\"); // [","      }else if(n === 0x5d){ this.onToken(RIGHT_BRACKET, \"]\"); // ]","      }else if(n === 0x3a){ this.onToken(COLON, \":\");  // :","      }else if(n === 0x2c){ this.onToken(COMMA, \",\"); // ,","      }else if(n === 0x74){ this.tState = TRUE1;  // t","      }else if(n === 0x66){ this.tState = FALSE1;  // f","      }else if(n === 0x6e){ this.tState = NULL1; // n","      }else if(n === 0x22){ // \"","        this.string = \"\";","        this.stringBufferOffset = 0;","        this.tState = STRING1;","      }else if(n === 0x2d){ this.string = \"-\"; this.tState = NUMBER1; // -","      }else{","        if (n >= 0x30 && n < 0x40) { // 1-9","          this.string = String.fromCharCode(n); this.tState = NUMBER3;","        } else if (n === 0x20 || n === 0x09 || n === 0x0a || n === 0x0d) {","          // whitespace","        } else {","          return this.charError(buffer, i);","        }","      }","    }else if (this.tState === STRING1){ // After open quote","      n = buffer[i]; // get current byte from buffer","      // check for carry over of a multi byte char split between data chunks","      // & fill temp buffer it with start of this data chunk up to the boundary limit set in the last iteration","      if (this.bytes_remaining > 0) {","        for (var j = 0; j < this.bytes_remaining; j++) {","          this.temp_buffs[this.bytes_in_sequence][this.bytes_in_sequence - this.bytes_remaining + j] = buffer[j];","        }","","        this.appendStringBuf(this.temp_buffs[this.bytes_in_sequence]);","        this.bytes_in_sequence = this.bytes_remaining = 0;","        i = i + j - 1;","      } else if (this.bytes_remaining === 0 && n >= 128) { // else if no remainder bytes carried over, parse multi byte (>=128) chars one at a time","        if (n <= 193 || n > 244) {","          return this.onError(new Error(\"Invalid UTF-8 character at position \" + i + \" in state \" + Parser.toknam(this.tState)));","        }","        if ((n >= 194) && (n <= 223)) this.bytes_in_sequence = 2;","        if ((n >= 224) && (n <= 239)) this.bytes_in_sequence = 3;","        if ((n >= 240) && (n <= 244)) this.bytes_in_sequence = 4;","        if ((this.bytes_in_sequence + i) > buffer.length) { // if bytes needed to complete char fall outside buffer length, we have a boundary split","          for (var k = 0; k <= (buffer.length - 1 - i); k++) {","            this.temp_buffs[this.bytes_in_sequence][k] = buffer[i + k]; // fill temp buffer of correct size with bytes available in this chunk","          }","          this.bytes_remaining = (i + this.bytes_in_sequence) - buffer.length;","          i = buffer.length - 1;","        } else {","          this.appendStringBuf(buffer, i, i + this.bytes_in_sequence);","          i = i + this.bytes_in_sequence - 1;","        }","      } else if (n === 0x22) {","        this.tState = START;","        this.string += this.stringBuffer.toString('utf8', 0, this.stringBufferOffset);","        this.stringBufferOffset = 0;","        this.onToken(STRING, this.string);","        this.offset += Buffer.byteLength(this.string, 'utf8') + 1;","        this.string = undefined;","      }","      else if (n === 0x5c) {","        this.tState = STRING2;","      }","      else if (n >= 0x20) { this.appendStringChar(n); }","      else {","          return this.charError(buffer, i);","      }","    }else if (this.tState === STRING2){ // After backslash","      n = buffer[i];","      if(n === 0x22){ this.appendStringChar(n); this.tState = STRING1;","      }else if(n === 0x5c){ this.appendStringChar(BACK_SLASH); this.tState = STRING1;","      }else if(n === 0x2f){ this.appendStringChar(FORWARD_SLASH); this.tState = STRING1;","      }else if(n === 0x62){ this.appendStringChar(BACKSPACE); this.tState = STRING1;","      }else if(n === 0x66){ this.appendStringChar(FORM_FEED); this.tState = STRING1;","      }else if(n === 0x6e){ this.appendStringChar(NEWLINE); this.tState = STRING1;","      }else if(n === 0x72){ this.appendStringChar(CARRIAGE_RETURN); this.tState = STRING1;","      }else if(n === 0x74){ this.appendStringChar(TAB); this.tState = STRING1;","      }else if(n === 0x75){ this.unicode = \"\"; this.tState = STRING3;","      }else{","        return this.charError(buffer, i);","      }","    }else if (this.tState === STRING3 || this.tState === STRING4 || this.tState === STRING5 || this.tState === STRING6){ // unicode hex codes","      n = buffer[i];","      // 0-9 A-F a-f","      if ((n >= 0x30 && n < 0x40) || (n > 0x40 && n <= 0x46) || (n > 0x60 && n <= 0x66)) {","        this.unicode += String.fromCharCode(n);","        if (this.tState++ === STRING6) {","          this.appendStringBuf(Buffer(String.fromCharCode(parseInt(this.unicode, 16))));","          this.unicode = undefined;","          this.tState = STRING1;","        }","      } else {","        return this.charError(buffer, i);","      }","    } else if (this.tState === NUMBER1 || this.tState === NUMBER3) {","        n = buffer[i];","","        switch (n) {","          case 0x30: // 0","          case 0x31: // 1","          case 0x32: // 2","          case 0x33: // 3","          case 0x34: // 4","          case 0x35: // 5","          case 0x36: // 6","          case 0x37: // 7","          case 0x38: // 8","          case 0x39: // 9","          case 0x2e: // .","          case 0x65: // e","          case 0x45: // E","          case 0x2b: // +","          case 0x2d: // -","            this.string += String.fromCharCode(n);","            this.tState = NUMBER3;","            break;","          default:","            this.tState = START;","            var result = Number(this.string);","","            if (isNaN(result)){","              return this.charError(buffer, i);","            }","","            if ((this.string.match(/[0-9]+/) == this.string) && (result.toString() != this.string)) {","              // Long string of digits which is an ID string and not valid and/or safe JavaScript integer Number","              this.onToken(STRING, this.string);","            } else {","              this.onToken(NUMBER, result);","            }","","            this.offset += this.string.length - 1;","            this.string = undefined;","            i--;","            break;","        }","    }else if (this.tState === TRUE1){ // r","      if (buffer[i] === 0x72) { this.tState = TRUE2; }","      else { return this.charError(buffer, i); }","    }else if (this.tState === TRUE2){ // u","      if (buffer[i] === 0x75) { this.tState = TRUE3; }","      else { return this.charError(buffer, i); }","    }else if (this.tState === TRUE3){ // e","      if (buffer[i] === 0x65) { this.tState = START; this.onToken(TRUE, true); this.offset+= 3; }","      else { return this.charError(buffer, i); }","    }else if (this.tState === FALSE1){ // a","      if (buffer[i] === 0x61) { this.tState = FALSE2; }","      else { return this.charError(buffer, i); }","    }else if (this.tState === FALSE2){ // l","      if (buffer[i] === 0x6c) { this.tState = FALSE3; }","      else { return this.charError(buffer, i); }","    }else if (this.tState === FALSE3){ // s","      if (buffer[i] === 0x73) { this.tState = FALSE4; }","      else { return this.charError(buffer, i); }","    }else if (this.tState === FALSE4){ // e","      if (buffer[i] === 0x65) { this.tState = START; this.onToken(FALSE, false); this.offset+= 4; }","      else { return this.charError(buffer, i); }","    }else if (this.tState === NULL1){ // u","      if (buffer[i] === 0x75) { this.tState = NULL2; }","      else { return this.charError(buffer, i); }","    }else if (this.tState === NULL2){ // l","      if (buffer[i] === 0x6c) { this.tState = NULL3; }","      else { return this.charError(buffer, i); }","    }else if (this.tState === NULL3){ // l","      if (buffer[i] === 0x6c) { this.tState = START; this.onToken(NULL, null); this.offset += 3; }","      else { return this.charError(buffer, i); }","    }","  }","};","proto.onToken = function (token, value) {","  // Override this to get events","};","","proto.parseError = function (token, value) {","  this.tState = STOP;","  this.onError(new Error(\"Unexpected \" + Parser.toknam(token) + (value ? (\"(\" + JSON.stringify(value) + \")\") : \"\") + \" in state \" + Parser.toknam(this.state)));","};","proto.push = function () {","  this.stack.push({value: this.value, key: this.key, mode: this.mode});","};","proto.pop = function () {","  var value = this.value;","  var parent = this.stack.pop();","  this.value = parent.value;","  this.key = parent.key;","  this.mode = parent.mode;","  this.emit(value);","  if (!this.mode) { this.state = VALUE; }","};","proto.emit = function (value) {","  if (this.mode) { this.state = COMMA; }","  this.onValue(value);","};","proto.onValue = function (value) {","  // Override me","};","proto.onToken = function (token, value) {","  if(this.state === VALUE){","    if(token === STRING || token === NUMBER || token === TRUE || token === FALSE || token === NULL){","      if (this.value) {","        this.value[this.key] = value;","      }","      this.emit(value);","    }else if(token === LEFT_BRACE){","      this.push();","      if (this.value) {","        this.value = this.value[this.key] = {};","      } else {","        this.value = {};","      }","      this.key = undefined;","      this.state = KEY;","      this.mode = OBJECT;","    }else if(token === LEFT_BRACKET){","      this.push();","      if (this.value) {","        this.value = this.value[this.key] = [];","      } else {","        this.value = [];","      }","      this.key = 0;","      this.mode = ARRAY;","      this.state = VALUE;","    }else if(token === RIGHT_BRACE){","      if (this.mode === OBJECT) {","        this.pop();","      } else {","        return this.parseError(token, value);","      }","    }else if(token === RIGHT_BRACKET){","      if (this.mode === ARRAY) {","        this.pop();","      } else {","        return this.parseError(token, value);","      }","    }else{","      return this.parseError(token, value);","    }","  }else if(this.state === KEY){","    if (token === STRING) {","      this.key = value;","      this.state = COLON;","    } else if (token === RIGHT_BRACE) {","      this.pop();","    } else {","      return this.parseError(token, value);","    }","  }else if(this.state === COLON){","    if (token === COLON) { this.state = VALUE; }","    else { return this.parseError(token, value); }","  }else if(this.state === COMMA){","    if (token === COMMA) {","      if (this.mode === ARRAY) { this.key++; this.state = VALUE; }","      else if (this.mode === OBJECT) { this.state = KEY; }","","    } else if (token === RIGHT_BRACKET && this.mode === ARRAY || token === RIGHT_BRACE && this.mode === OBJECT) {","      this.pop();","    } else {","      return this.parseError(token, value);","    }","  }else{","    return this.parseError(token, value);","  }","};","","Parser.C = C;","","module.exports = Parser;",""],"l":{"3":1,"5":1,"6":1,"7":1,"8":1,"9":1,"10":1,"11":1,"12":1,"13":1,"14":1,"15":1,"17":1,"18":1,"19":1,"20":1,"21":1,"22":1,"23":1,"24":1,"25":1,"26":1,"27":1,"28":1,"29":1,"30":1,"31":1,"32":1,"33":1,"34":1,"35":1,"36":1,"38":1,"39":1,"41":1,"42":1,"44":1,"45":1,"46":1,"47":1,"48":1,"49":1,"50":1,"52":1,"54":1,"55":0,"56":0,"58":0,"59":0,"60":0,"61":0,"63":0,"64":0,"65":0,"66":0,"67":0,"68":0,"69":0,"72":0,"76":1,"77":0,"78":0,"79":0,"80":0,"82":0,"85":1,"86":1,"87":1,"88":0,"89":0,"91":1,"92":0,"93":0,"94":0,"97":0,"99":1,"100":0,"101":0,"102":0,"103":0,"105":0,"107":0,"110":0,"114":0,"115":0,"118":0,"119":0,"120":0,"123":0,"124":0,"126":1,"127":0,"128":0,"129":0,"130":0,"131":0,"132":0,"133":0,"134":0,"135":0,"136":0,"137":0,"138":0,"139":0,"140":0,"141":0,"142":0,"143":0,"144":0,"145":0,"146":0,"148":0,"149":0,"150":0,"153":0,"156":0,"157":0,"160":0,"161":0,"162":0,"165":0,"166":0,"167":0,"168":0,"169":0,"170":0,"172":0,"173":0,"174":0,"175":0,"176":0,"177":0,"179":0,"180":0,"182":0,"183":0,"185":0,"186":0,"187":0,"188":0,"189":0,"190":0,"191":0,"193":0,"194":0,"196":0,"198":0,"200":0,"201":0,"202":0,"203":0,"204":0,"205":0,"206":0,"207":0,"208":0,"209":0,"210":0,"212":0,"214":0,"215":0,"217":0,"218":0,"219":0,"220":0,"221":0,"222":0,"225":0,"227":0,"228":0,"230":0,"246":0,"247":0,"248":0,"250":0,"251":0,"253":0,"254":0,"257":0,"259":0,"261":0,"264":0,"265":0,"266":0,"267":0,"269":0,"270":0,"271":0,"272":0,"273":0,"274":0,"275":0,"276":0,"277":0,"278":0,"279":0,"280":0,"281":0,"282":0,"283":0,"284":0,"285":0,"286":0,"287":0,"288":0,"289":0,"290":0,"291":0,"292":0,"293":0,"294":0,"295":0,"296":0,"297":0,"298":0,"302":1,"306":1,"307":0,"308":0,"310":1,"311":0,"313":1,"314":0,"315":0,"316":0,"317":0,"318":0,"319":0,"320":0,"322":1,"323":0,"324":0,"326":1,"329":1,"330":0,"331":0,"332":0,"333":0,"335":0,"336":0,"337":0,"338":0,"339":0,"341":0,"343":0,"344":0,"345":0,"346":0,"347":0,"348":0,"349":0,"351":0,"353":0,"354":0,"355":0,"356":0,"357":0,"358":0,"360":0,"362":0,"363":0,"364":0,"366":0,"369":0,"371":0,"372":0,"373":0,"374":0,"375":0,"376":0,"378":0,"380":0,"381":0,"382":0,"383":0,"384":0,"385":0,"386":0,"388":0,"389":0,"391":0,"394":0,"398":1,"400":1}},"/home/travis/build/npmtest/node-npmtest-jsonparse/node_modules/jsonparse/bench.js":{"path":"/home/travis/build/npmtest/node-npmtest-jsonparse/node_modules/jsonparse/bench.js","s":{"1":2,"2":2,"3":0,"4":0,"5":0,"6":0,"7":0,"8":0,"9":0,"10":0,"11":0,"12":0,"13":0,"14":0,"15":0},"b":{},"f":{},"fnMap":{},"statementMap":{"1":{"start":{"line":1,"column":0},"end":{"line":2,"column":36}},"2":{"start":{"line":5,"column":0},"end":{"line":5,"column":52}},"3":{"start":{"line":8,"column":0},"end":{"line":26,"column":1}},"4":{"start":{"line":9,"column":2},"end":{"line":9,"column":25}},"5":{"start":{"line":10,"column":2},"end":{"line":12,"column":3}},"6":{"start":{"line":11,"column":4},"end":{"line":11,"column":21}},"7":{"start":{"line":13,"column":2},"end":{"line":13,"column":33}},"8":{"start":{"line":15,"column":2},"end":{"line":15,"column":21}},"9":{"start":{"line":16,"column":2},"end":{"line":16,"column":23}},"10":{"start":{"line":17,"column":2},"end":{"line":19,"column":3}},"11":{"start":{"line":18,"column":4},"end":{"line":18,"column":18}},"12":{"start":{"line":20,"column":2},"end":{"line":20,"column":34}},"13":{"start":{"line":23,"column":2},"end":{"line":23,"column":43}},"14":{"start":{"line":24,"column":2},"end":{"line":24,"column":50}},"15":{"start":{"line":25,"column":2},"end":{"line":25,"column":62}}},"branchMap":{},"code":["var fs = require('fs'),","    Parser = require('./jsonparse');","","","var json = fs.readFileSync(\"samplejson/basic.json\");","","","while (true) {","  var start = Date.now();","  for (var i = 0; i < 1000; i++) {","    JSON.parse(json);","  }","  var first = Date.now() - start;","","  start = Date.now();","  var p = new Parser();","  for (var i = 0; i < 1000; i++) {","    p.write(json);","  }","  var second = Date.now() - start;","","","  console.log(\"JSON.parse took %s\", first);","  console.log(\"streaming parser took %s\", second);","  console.log(\"streaming is %s times slower\", second / first);","}",""],"l":{"1":2,"5":2,"8":0,"9":0,"10":0,"11":0,"13":0,"15":0,"16":0,"17":0,"18":0,"20":0,"23":0,"24":0,"25":0}}}